TpTrace Verbose: 0 : 29360, 1, 2024/09/04, 02:48:52.316, 8986258880824, vstest.console.dll, Version: 17.10.0-release-24317-02 Current process architecture: X64
TpTrace Verbose: 0 : 29360, 1, 2024/09/04, 02:48:52.319, 8986258919931, vstest.console.dll, Runtime location: C:\Program Files\dotnet\shared\Microsoft.NETCore.App\8.0.8
TpTrace Verbose: 0 : 29360, 1, 2024/09/04, 02:48:52.322, 8986258945800, vstest.console.dll, ArtifactProcessingPostProcessModeProcessorExecutor.Initialize: ArtifactProcessingMode.Collect
TpTrace Verbose: 0 : 29360, 1, 2024/09/04, 02:48:52.322, 8986258947466, vstest.console.dll, TestSessionCorrelationIdProcessorModeProcessorExecutor.Initialize: TestSessionCorrelationId '5684_b8c06c45-9bd2-4264-bbd5-9b4dc9a19428'
TpTrace Information: 0 : 29360, 1, 2024/09/04, 02:48:52.328, 8986259004720, vstest.console.dll, FilePatternParser: The given file C:\Users\Ritik.Anubhav\source\repos\PearsonCoreEngineModule\Pearson.UnitTest\bin\Debug\net8.0\fine-code-coverage\build-output\Pearson.UnitTest.dll is a full path.
TpTrace Verbose: 0 : 29360, 1, 2024/09/04, 02:48:52.332, 8986259041952, vstest.console.dll, TestPluginCache.DiscoverTestExtensions: finding test extensions in assemblies ends with: RuntimeProvider.dll TPluginInfo: Microsoft.VisualStudio.TestPlatform.Common.ExtensionFramework.Utilities.TestRuntimePluginInformation TExtension: Microsoft.VisualStudio.TestPlatform.ObjectModel.Host.ITestRuntimeProvider
TpTrace Verbose: 0 : 29360, 1, 2024/09/04, 02:48:52.332, 8986259044659, vstest.console.dll, TestPluginCache.GetExtensionPaths: Filtered extension paths: 
TpTrace Verbose: 0 : 29360, 1, 2024/09/04, 02:48:52.332, 8986259045212, vstest.console.dll, TestPluginCache.GetExtensionPaths: Added default extension paths: C:\Program Files\dotnet\sdk\8.0.304\Extensions\Microsoft.Diagnostics.NETCore.Client.dll
C:\Program Files\dotnet\sdk\8.0.304\Extensions\Microsoft.TestPlatform.Extensions.BlameDataCollector.dll
C:\Program Files\dotnet\sdk\8.0.304\Extensions\Microsoft.TestPlatform.Extensions.EventLogCollector.dll
C:\Program Files\dotnet\sdk\8.0.304\Extensions\Microsoft.TestPlatform.TestHostRuntimeProvider.dll
C:\Program Files\dotnet\sdk\8.0.304\Extensions\Microsoft.VisualStudio.TestPlatform.Extensions.Html.TestLogger.dll
C:\Program Files\dotnet\sdk\8.0.304\Extensions\Microsoft.VisualStudio.TestPlatform.Extensions.Trx.TestLogger.dll
TpTrace Verbose: 0 : 29360, 1, 2024/09/04, 02:48:52.332, 8986259045425, vstest.console.dll, TestPluginCache.GetExtensionPaths: Added unfilterableExtensionPaths: 
TpTrace Information: 0 : 29360, 1, 2024/09/04, 02:48:52.332, 8986259049054, vstest.console.dll, AssemblyResolver.ctor: Creating AssemblyResolver with searchDirectories C:\Program Files\dotnet\sdk\8.0.304\Extensions,C:\Program Files\dotnet\sdk\8.0.304
TpTrace Verbose: 0 : 29360, 1, 2024/09/04, 02:48:52.333, 8986259059065, vstest.console.dll, TestPluginCache.DiscoverTestExtensions: Discovering the extensions using extension path.
TpTrace Verbose: 0 : 29360, 1, 2024/09/04, 02:48:52.333, 8986259060041, vstest.console.dll, TestPluginCache.GetExtensionPaths: Filtered extension paths: 
TpTrace Verbose: 0 : 29360, 1, 2024/09/04, 02:48:52.334, 8986259060301, vstest.console.dll, TestPluginCache.GetExtensionPaths: Added default extension paths: C:\Program Files\dotnet\sdk\8.0.304\Extensions\Microsoft.Diagnostics.NETCore.Client.dll
C:\Program Files\dotnet\sdk\8.0.304\Extensions\Microsoft.TestPlatform.Extensions.BlameDataCollector.dll
C:\Program Files\dotnet\sdk\8.0.304\Extensions\Microsoft.TestPlatform.Extensions.EventLogCollector.dll
C:\Program Files\dotnet\sdk\8.0.304\Extensions\Microsoft.TestPlatform.TestHostRuntimeProvider.dll
C:\Program Files\dotnet\sdk\8.0.304\Extensions\Microsoft.VisualStudio.TestPlatform.Extensions.Html.TestLogger.dll
C:\Program Files\dotnet\sdk\8.0.304\Extensions\Microsoft.VisualStudio.TestPlatform.Extensions.Trx.TestLogger.dll
TpTrace Verbose: 0 : 29360, 1, 2024/09/04, 02:48:52.334, 8986259060513, vstest.console.dll, TestPluginCache.GetExtensionPaths: Added unfilterableExtensionPaths: 
TpTrace Verbose: 0 : 29360, 1, 2024/09/04, 02:48:52.334, 8986259060897, vstest.console.dll, TestPluginCache.DiscoverTestExtensions: Discovering the extensions using allExtensionPaths: C:\Program Files\dotnet\sdk\8.0.304\Extensions\Microsoft.Diagnostics.NETCore.Client.dll
C:\Program Files\dotnet\sdk\8.0.304\Extensions\Microsoft.TestPlatform.Extensions.BlameDataCollector.dll
C:\Program Files\dotnet\sdk\8.0.304\Extensions\Microsoft.TestPlatform.Extensions.EventLogCollector.dll
C:\Program Files\dotnet\sdk\8.0.304\Extensions\Microsoft.TestPlatform.TestHostRuntimeProvider.dll
C:\Program Files\dotnet\sdk\8.0.304\Extensions\Microsoft.VisualStudio.TestPlatform.Extensions.Html.TestLogger.dll
C:\Program Files\dotnet\sdk\8.0.304\Extensions\Microsoft.VisualStudio.TestPlatform.Extensions.Trx.TestLogger.dll
TpTrace Information: 0 : 29360, 1, 2024/09/04, 02:48:52.334, 8986259061961, vstest.console.dll, AssemblyResolver.AddSearchDirectories: Adding more searchDirectories C:\Program Files\dotnet\sdk\8.0.304\Extensions,C:\Program Files\dotnet\sdk\8.0.304
TpTrace Information: 0 : 29360, 1, 2024/09/04, 02:48:52.334, 8986259062313, vstest.console.dll, AssemblyResolver.AddSearchDirectories: Adding more searchDirectories C:\Program Files\dotnet\sdk\8.0.304\Extensions,C:\Program Files\dotnet\sdk\8.0.304
TpTrace Information: 0 : 29360, 1, 2024/09/04, 02:48:52.334, 8986259062493, vstest.console.dll, AssemblyResolver.AddSearchDirectories: Adding more searchDirectories C:\Program Files\dotnet\sdk\8.0.304\Extensions,C:\Program Files\dotnet\sdk\8.0.304
TpTrace Information: 0 : 29360, 1, 2024/09/04, 02:48:52.334, 8986259062681, vstest.console.dll, AssemblyResolver.AddSearchDirectories: Adding more searchDirectories C:\Program Files\dotnet\sdk\8.0.304\Extensions,C:\Program Files\dotnet\sdk\8.0.304
TpTrace Information: 0 : 29360, 1, 2024/09/04, 02:48:52.334, 8986259062837, vstest.console.dll, AssemblyResolver.AddSearchDirectories: Adding more searchDirectories C:\Program Files\dotnet\sdk\8.0.304\Extensions,C:\Program Files\dotnet\sdk\8.0.304
TpTrace Information: 0 : 29360, 1, 2024/09/04, 02:48:52.334, 8986259062988, vstest.console.dll, AssemblyResolver.AddSearchDirectories: Adding more searchDirectories C:\Program Files\dotnet\sdk\8.0.304\Extensions,C:\Program Files\dotnet\sdk\8.0.304
TpTrace Information: 0 : 29360, 1, 2024/09/04, 02:48:52.334, 8986259067617, vstest.console.dll, AssemblyResolver.OnResolve: Microsoft.Diagnostics.NETCore.Client: Resolving assembly.
TpTrace Information: 0 : 29360, 1, 2024/09/04, 02:48:52.334, 8986259068362, vstest.console.dll, AssemblyResolver.OnResolve: Microsoft.Diagnostics.NETCore.Client: Searching in: 'C:\Program Files\dotnet\sdk\8.0.304\Extensions'.
TpTrace Information: 0 : 29360, 1, 2024/09/04, 02:48:52.341, 8986259130221, vstest.console.dll, AssemblyResolver.OnResolve: Microsoft.Diagnostics.NETCore.Client: Loading assembly 'C:\Program Files\dotnet\sdk\8.0.304\Extensions\Microsoft.Diagnostics.NETCore.Client.dll'.
TpTrace Information: 0 : 29360, 1, 2024/09/04, 02:48:52.341, 8986259135760, vstest.console.dll, AssemblyResolver.OnResolve: Resolved assembly: Microsoft.Diagnostics.NETCore.Client, from path: C:\Program Files\dotnet\sdk\8.0.304\Extensions\Microsoft.Diagnostics.NETCore.Client.dll
TpTrace Verbose: 0 : 29360, 1, 2024/09/04, 02:48:52.345, 8986259174923, vstest.console.dll, MetadataReaderExtensionsHelper: Discovering extensions inside assembly 'Microsoft.Diagnostics.NETCore.Client, Version=0.2.10.15101, Culture=neutral, PublicKeyToken=31bf3856ad364e35' file path 'C:\Program Files\dotnet\sdk\8.0.304\Extensions\Microsoft.Diagnostics.NETCore.Client.dll'
TpTrace Information: 0 : 29360, 1, 2024/09/04, 02:48:52.349, 8986259218741, vstest.console.dll, AssemblyResolver.OnResolve: Microsoft.Bcl.AsyncInterfaces: Resolving assembly.
TpTrace Information: 0 : 29360, 1, 2024/09/04, 02:48:52.349, 8986259219717, vstest.console.dll, AssemblyResolver.OnResolve: Microsoft.Bcl.AsyncInterfaces: Searching in: 'C:\Program Files\dotnet\sdk\8.0.304\Extensions'.
TpTrace Information: 0 : 29360, 1, 2024/09/04, 02:48:52.350, 8986259220305, vstest.console.dll, AssemblyResolver.OnResolve: Microsoft.Bcl.AsyncInterfaces: Assembly path does not exist: 'C:\Program Files\dotnet\sdk\8.0.304\Extensions\Microsoft.Bcl.AsyncInterfaces.dll', returning.
TpTrace Information: 0 : 29360, 1, 2024/09/04, 02:48:52.350, 8986259221055, vstest.console.dll, AssemblyResolver.OnResolve: Microsoft.Bcl.AsyncInterfaces: Assembly path does not exist: 'C:\Program Files\dotnet\sdk\8.0.304\Extensions\Microsoft.Bcl.AsyncInterfaces.exe', returning.
TpTrace Information: 0 : 29360, 1, 2024/09/04, 02:48:52.350, 8986259221254, vstest.console.dll, AssemblyResolver.OnResolve: Microsoft.Bcl.AsyncInterfaces: Searching in: 'C:\Program Files\dotnet\sdk\8.0.304'.
TpTrace Information: 0 : 29360, 1, 2024/09/04, 02:48:52.350, 8986259221606, vstest.console.dll, AssemblyResolver.OnResolve: Microsoft.Bcl.AsyncInterfaces: Assembly path does not exist: 'C:\Program Files\dotnet\sdk\8.0.304\Microsoft.Bcl.AsyncInterfaces.dll', returning.
TpTrace Information: 0 : 29360, 1, 2024/09/04, 02:48:52.350, 8986259221908, vstest.console.dll, AssemblyResolver.OnResolve: Microsoft.Bcl.AsyncInterfaces: Assembly path does not exist: 'C:\Program Files\dotnet\sdk\8.0.304\Microsoft.Bcl.AsyncInterfaces.exe', returning.
TpTrace Information: 0 : 29360, 1, 2024/09/04, 02:48:52.350, 8986259222059, vstest.console.dll, AssemblyResolver.OnResolve: Microsoft.Bcl.AsyncInterfaces: Failed to load assembly.
TpTrace Verbose: 0 : 29360, 1, 2024/09/04, 02:48:52.350, 8986259222309, vstest.console.dll, CurrentDomainAssemblyResolve: Resolving assembly 'Microsoft.Bcl.AsyncInterfaces'.
TpTrace Information: 0 : 29360, 1, 2024/09/04, 02:48:52.350, 8986259222703, vstest.console.dll, AssemblyResolver.OnResolve: Microsoft.Bcl.AsyncInterfaces: Resolving assembly.
TpTrace Information: 0 : 29360, 1, 2024/09/04, 02:48:52.350, 8986259222939, vstest.console.dll, AssemblyResolver.OnResolve: Microsoft.Bcl.AsyncInterfaces: Resolved from cache.
TpTrace Verbose: 0 : 29360, 1, 2024/09/04, 02:48:52.350, 8986259223097, vstest.console.dll, CurrentDomainAssemblyResolve: Resolving assembly 'Microsoft.Bcl.AsyncInterfaces'.
TpTrace Verbose: 0 : 29360, 1, 2024/09/04, 02:48:52.350, 8986259223312, vstest.console.dll, CurrentDomainAssemblyResolve: Failed to resolve assembly 'Microsoft.Bcl.AsyncInterfaces'.
TpTrace Verbose: 0 : 29360, 1, 2024/09/04, 02:48:52.351, 8986259231069, vstest.console.dll, CurrentDomainAssemblyResolve: Failed to resolve assembly 'Microsoft.Bcl.AsyncInterfaces'.
TpTrace Warning: 0 : 29360, 1, 2024/09/04, 02:48:52.358, 8986259300933, vstest.console.dll, TestPluginDiscoverer: Failed to get types from assembly 'Microsoft.Diagnostics.NETCore.Client, Version=0.2.10.15101, Culture=neutral, PublicKeyToken=31bf3856ad364e35'. Error: System.Reflection.ReflectionTypeLoadException: Unable to load one or more of the requested types.
Could not load file or assembly 'Microsoft.Bcl.AsyncInterfaces, Version=6.0.0.0, Culture=neutral, PublicKeyToken=cc7b13ffcd2ddd51'. The system cannot find the file specified.
   at System.Reflection.RuntimeModule.GetTypes(RuntimeModule module)
   at System.Reflection.RuntimeModule.GetTypes()
   at Microsoft.VisualStudio.TestPlatform.Common.ExtensionFramework.TestPluginDiscoverer.GetTestExtensionsFromAssembly[TPluginInfo,TExtension](Assembly assembly, Dictionary`2 pluginInfos, String filePath) in /_/src/Microsoft.TestPlatform.Common/ExtensionFramework/TestPluginDiscoverer.cs:line 158
System.IO.FileNotFoundException: Could not load file or assembly 'Microsoft.Bcl.AsyncInterfaces, Version=6.0.0.0, Culture=neutral, PublicKeyToken=cc7b13ffcd2ddd51'. The system cannot find the file specified.
File name: 'Microsoft.Bcl.AsyncInterfaces, Version=6.0.0.0, Culture=neutral, PublicKeyToken=cc7b13ffcd2ddd51'
 ---> System.IO.FileNotFoundException: Could not load file or assembly 'Microsoft.Bcl.AsyncInterfaces, Culture=neutral, PublicKeyToken=null'. The system cannot find the file specified.
File name: 'Microsoft.Bcl.AsyncInterfaces, Culture=neutral, PublicKeyToken=null'
   at System.Reflection.RuntimeAssembly.InternalLoad(AssemblyName assemblyName, StackCrawlMark& stackMark, AssemblyLoadContext assemblyLoadContext, RuntimeAssembly requestingAssembly, Boolean throwOnFileNotFound)
   at System.Reflection.Assembly.Load(AssemblyName assemblyRef)
   at Microsoft.VisualStudio.TestPlatform.Common.ExtensionFramework.TestPluginCache.CurrentDomainAssemblyResolve(Object sender, AssemblyResolveEventArgs args) in /_/src/Microsoft.TestPlatform.Common/ExtensionFramework/TestPluginCache.cs:line 513
   at System.Runtime.Loader.AssemblyLoadContext.GetFirstResolvedAssemblyFromResolvingEvent(AssemblyName assemblyName)
   at System.Runtime.Loader.AssemblyLoadContext.ResolveUsingEvent(AssemblyName assemblyName)
   at System.Runtime.Loader.AssemblyLoadContext.ResolveUsingResolvingEvent(IntPtr gchManagedAssemblyLoadContext, AssemblyName assemblyName)
TpTrace Warning: 0 : 29360, 1, 2024/09/04, 02:48:52.358, 8986259303669, vstest.console.dll, LoaderExceptions: System.IO.FileNotFoundException: Could not load file or assembly 'Microsoft.Bcl.AsyncInterfaces, Version=6.0.0.0, Culture=neutral, PublicKeyToken=cc7b13ffcd2ddd51'. The system cannot find the file specified.
File name: 'Microsoft.Bcl.AsyncInterfaces, Version=6.0.0.0, Culture=neutral, PublicKeyToken=cc7b13ffcd2ddd51'
 ---> System.IO.FileNotFoundException: Could not load file or assembly 'Microsoft.Bcl.AsyncInterfaces, Culture=neutral, PublicKeyToken=null'. The system cannot find the file specified.
File name: 'Microsoft.Bcl.AsyncInterfaces, Culture=neutral, PublicKeyToken=null'
   at System.Reflection.RuntimeAssembly.InternalLoad(AssemblyName assemblyName, StackCrawlMark& stackMark, AssemblyLoadContext assemblyLoadContext, RuntimeAssembly requestingAssembly, Boolean throwOnFileNotFound)
   at System.Reflection.Assembly.Load(AssemblyName assemblyRef)
   at Microsoft.VisualStudio.TestPlatform.Common.ExtensionFramework.TestPluginCache.CurrentDomainAssemblyResolve(Object sender, AssemblyResolveEventArgs args) in /_/src/Microsoft.TestPlatform.Common/ExtensionFramework/TestPluginCache.cs:line 513
   at System.Runtime.Loader.AssemblyLoadContext.GetFirstResolvedAssemblyFromResolvingEvent(AssemblyName assemblyName)
   at System.Runtime.Loader.AssemblyLoadContext.ResolveUsingEvent(AssemblyName assemblyName)
   at System.Runtime.Loader.AssemblyLoadContext.ResolveUsingResolvingEvent(IntPtr gchManagedAssemblyLoadContext, AssemblyName assemblyName)
TpTrace Information: 0 : 29360, 1, 2024/09/04, 02:48:52.358, 8986259304729, vstest.console.dll, AssemblyResolver.OnResolve: Microsoft.TestPlatform.Extensions.BlameDataCollector: Resolving assembly.
TpTrace Information: 0 : 29360, 1, 2024/09/04, 02:48:52.358, 8986259305050, vstest.console.dll, AssemblyResolver.OnResolve: Microsoft.TestPlatform.Extensions.BlameDataCollector: Searching in: 'C:\Program Files\dotnet\sdk\8.0.304\Extensions'.
TpTrace Information: 0 : 29360, 1, 2024/09/04, 02:48:52.358, 8986259307741, vstest.console.dll, AssemblyResolver.OnResolve: Microsoft.TestPlatform.Extensions.BlameDataCollector: Loading assembly 'C:\Program Files\dotnet\sdk\8.0.304\Extensions\Microsoft.TestPlatform.Extensions.BlameDataCollector.dll'.
TpTrace Information: 0 : 29360, 1, 2024/09/04, 02:48:52.359, 8986259311978, vstest.console.dll, AssemblyResolver.OnResolve: Resolved assembly: Microsoft.TestPlatform.Extensions.BlameDataCollector, from path: C:\Program Files\dotnet\sdk\8.0.304\Extensions\Microsoft.TestPlatform.Extensions.BlameDataCollector.dll
TpTrace Verbose: 0 : 29360, 1, 2024/09/04, 02:48:52.359, 8986259312632, vstest.console.dll, MetadataReaderExtensionsHelper: Discovering extensions inside assembly 'Microsoft.TestPlatform.Extensions.BlameDataCollector, Version=15.0.0.0, Culture=neutral, PublicKeyToken=b03f5f7f11d50a3a' file path 'C:\Program Files\dotnet\sdk\8.0.304\Extensions\Microsoft.TestPlatform.Extensions.BlameDataCollector.dll'
TpTrace Information: 0 : 29360, 1, 2024/09/04, 02:48:52.360, 8986259324448, vstest.console.dll, AssemblyResolver.OnResolve: Microsoft.TestPlatform.Extensions.EventLogCollector: Resolving assembly.
TpTrace Information: 0 : 29360, 1, 2024/09/04, 02:48:52.360, 8986259325342, vstest.console.dll, AssemblyResolver.OnResolve: Microsoft.TestPlatform.Extensions.EventLogCollector: Searching in: 'C:\Program Files\dotnet\sdk\8.0.304\Extensions'.
TpTrace Information: 0 : 29360, 1, 2024/09/04, 02:48:52.360, 8986259328024, vstest.console.dll, AssemblyResolver.OnResolve: Microsoft.TestPlatform.Extensions.EventLogCollector: Loading assembly 'C:\Program Files\dotnet\sdk\8.0.304\Extensions\Microsoft.TestPlatform.Extensions.EventLogCollector.dll'.
TpTrace Information: 0 : 29360, 1, 2024/09/04, 02:48:52.361, 8986259331727, vstest.console.dll, AssemblyResolver.OnResolve: Resolved assembly: Microsoft.TestPlatform.Extensions.EventLogCollector, from path: C:\Program Files\dotnet\sdk\8.0.304\Extensions\Microsoft.TestPlatform.Extensions.EventLogCollector.dll
TpTrace Verbose: 0 : 29360, 1, 2024/09/04, 02:48:52.361, 8986259332250, vstest.console.dll, MetadataReaderExtensionsHelper: Discovering extensions inside assembly 'Microsoft.TestPlatform.Extensions.EventLogCollector, Version=15.0.0.0, Culture=neutral, PublicKeyToken=b03f5f7f11d50a3a' file path 'C:\Program Files\dotnet\sdk\8.0.304\Extensions\Microsoft.TestPlatform.Extensions.EventLogCollector.dll'
TpTrace Information: 0 : 29360, 1, 2024/09/04, 02:48:52.362, 8986259348138, vstest.console.dll, AssemblyResolver.OnResolve: Microsoft.TestPlatform.TestHostRuntimeProvider: Resolving assembly.
TpTrace Information: 0 : 29360, 1, 2024/09/04, 02:48:52.362, 8986259348802, vstest.console.dll, AssemblyResolver.OnResolve: Microsoft.TestPlatform.TestHostRuntimeProvider: Searching in: 'C:\Program Files\dotnet\sdk\8.0.304\Extensions'.
TpTrace Information: 0 : 29360, 1, 2024/09/04, 02:48:52.363, 8986259351212, vstest.console.dll, AssemblyResolver.OnResolve: Microsoft.TestPlatform.TestHostRuntimeProvider: Loading assembly 'C:\Program Files\dotnet\sdk\8.0.304\Extensions\Microsoft.TestPlatform.TestHostRuntimeProvider.dll'.
TpTrace Information: 0 : 29360, 1, 2024/09/04, 02:48:52.363, 8986259356721, vstest.console.dll, AssemblyResolver.OnResolve: Resolved assembly: Microsoft.TestPlatform.TestHostRuntimeProvider, from path: C:\Program Files\dotnet\sdk\8.0.304\Extensions\Microsoft.TestPlatform.TestHostRuntimeProvider.dll
TpTrace Verbose: 0 : 29360, 1, 2024/09/04, 02:48:52.363, 8986259357542, vstest.console.dll, MetadataReaderExtensionsHelper: Discovering extensions inside assembly 'Microsoft.TestPlatform.TestHostRuntimeProvider, Version=15.0.0.0, Culture=neutral, PublicKeyToken=b03f5f7f11d50a3a' file path 'C:\Program Files\dotnet\sdk\8.0.304\Extensions\Microsoft.TestPlatform.TestHostRuntimeProvider.dll'
TpTrace Information: 0 : 29360, 1, 2024/09/04, 02:48:52.365, 8986259372016, vstest.console.dll, GetTestExtensionFromType: Register extension with identifier data 'HostProvider://DefaultTestHost' and type 'Microsoft.VisualStudio.TestPlatform.CrossPlatEngine.Hosting.DefaultTestHostManager, Microsoft.TestPlatform.TestHostRuntimeProvider, Version=15.0.0.0, Culture=neutral, PublicKeyToken=b03f5f7f11d50a3a' inside file 'C:\Program Files\dotnet\sdk\8.0.304\Extensions\Microsoft.TestPlatform.TestHostRuntimeProvider.dll'
TpTrace Information: 0 : 29360, 1, 2024/09/04, 02:48:52.365, 8986259374734, vstest.console.dll, GetTestExtensionFromType: Register extension with identifier data 'HostProvider://DotnetTestHost' and type 'Microsoft.VisualStudio.TestPlatform.CrossPlatEngine.Hosting.DotnetTestHostManager, Microsoft.TestPlatform.TestHostRuntimeProvider, Version=15.0.0.0, Culture=neutral, PublicKeyToken=b03f5f7f11d50a3a' inside file 'C:\Program Files\dotnet\sdk\8.0.304\Extensions\Microsoft.TestPlatform.TestHostRuntimeProvider.dll'
TpTrace Information: 0 : 29360, 1, 2024/09/04, 02:48:52.365, 8986259375482, vstest.console.dll, AssemblyResolver.OnResolve: Microsoft.VisualStudio.TestPlatform.Extensions.Html.TestLogger: Resolving assembly.
TpTrace Information: 0 : 29360, 1, 2024/09/04, 02:48:52.365, 8986259375792, vstest.console.dll, AssemblyResolver.OnResolve: Microsoft.VisualStudio.TestPlatform.Extensions.Html.TestLogger: Searching in: 'C:\Program Files\dotnet\sdk\8.0.304\Extensions'.
TpTrace Information: 0 : 29360, 1, 2024/09/04, 02:48:52.365, 8986259378599, vstest.console.dll, AssemblyResolver.OnResolve: Microsoft.VisualStudio.TestPlatform.Extensions.Html.TestLogger: Loading assembly 'C:\Program Files\dotnet\sdk\8.0.304\Extensions\Microsoft.VisualStudio.TestPlatform.Extensions.Html.TestLogger.dll'.
TpTrace Information: 0 : 29360, 1, 2024/09/04, 02:48:52.366, 8986259383975, vstest.console.dll, AssemblyResolver.OnResolve: Resolved assembly: Microsoft.VisualStudio.TestPlatform.Extensions.Html.TestLogger, from path: C:\Program Files\dotnet\sdk\8.0.304\Extensions\Microsoft.VisualStudio.TestPlatform.Extensions.Html.TestLogger.dll
TpTrace Verbose: 0 : 29360, 1, 2024/09/04, 02:48:52.366, 8986259384580, vstest.console.dll, MetadataReaderExtensionsHelper: Discovering extensions inside assembly 'Microsoft.VisualStudio.TestPlatform.Extensions.Html.TestLogger, Version=15.0.0.0, Culture=neutral, PublicKeyToken=b03f5f7f11d50a3a' file path 'C:\Program Files\dotnet\sdk\8.0.304\Extensions\Microsoft.VisualStudio.TestPlatform.Extensions.Html.TestLogger.dll'
TpTrace Information: 0 : 29360, 1, 2024/09/04, 02:48:52.367, 8986259391658, vstest.console.dll, AssemblyResolver.OnResolve: Microsoft.VisualStudio.TestPlatform.Extensions.Trx.TestLogger: Resolving assembly.
TpTrace Information: 0 : 29360, 1, 2024/09/04, 02:48:52.367, 8986259392256, vstest.console.dll, AssemblyResolver.OnResolve: Microsoft.VisualStudio.TestPlatform.Extensions.Trx.TestLogger: Searching in: 'C:\Program Files\dotnet\sdk\8.0.304\Extensions'.
TpTrace Information: 0 : 29360, 1, 2024/09/04, 02:48:52.367, 8986259395185, vstest.console.dll, AssemblyResolver.OnResolve: Microsoft.VisualStudio.TestPlatform.Extensions.Trx.TestLogger: Loading assembly 'C:\Program Files\dotnet\sdk\8.0.304\Extensions\Microsoft.VisualStudio.TestPlatform.Extensions.Trx.TestLogger.dll'.
TpTrace Information: 0 : 29360, 1, 2024/09/04, 02:48:52.368, 8986259400735, vstest.console.dll, AssemblyResolver.OnResolve: Resolved assembly: Microsoft.VisualStudio.TestPlatform.Extensions.Trx.TestLogger, from path: C:\Program Files\dotnet\sdk\8.0.304\Extensions\Microsoft.VisualStudio.TestPlatform.Extensions.Trx.TestLogger.dll
TpTrace Verbose: 0 : 29360, 1, 2024/09/04, 02:48:52.368, 8986259401345, vstest.console.dll, MetadataReaderExtensionsHelper: Discovering extensions inside assembly 'Microsoft.VisualStudio.TestPlatform.Extensions.Trx.TestLogger, Version=15.0.0.0, Culture=neutral, PublicKeyToken=b03f5f7f11d50a3a' file path 'C:\Program Files\dotnet\sdk\8.0.304\Extensions\Microsoft.VisualStudio.TestPlatform.Extensions.Trx.TestLogger.dll'
TpTrace Verbose: 0 : 29360, 1, 2024/09/04, 02:48:52.368, 8986259409747, vstest.console.dll, TestPluginCache: Discovered the extensions using extension path ''.
TpTrace Verbose: 0 : 29360, 1, 2024/09/04, 02:48:52.369, 8986259410244, vstest.console.dll, TestPluginCache: Discoverers are ''.
TpTrace Verbose: 0 : 29360, 1, 2024/09/04, 02:48:52.369, 8986259410401, vstest.console.dll, TestPluginCache: Executors are ''.
TpTrace Verbose: 0 : 29360, 1, 2024/09/04, 02:48:52.369, 8986259410534, vstest.console.dll, TestPluginCache: Executors2 are ''.
TpTrace Verbose: 0 : 29360, 1, 2024/09/04, 02:48:52.369, 8986259410680, vstest.console.dll, TestPluginCache: Setting providers are ''.
TpTrace Verbose: 0 : 29360, 1, 2024/09/04, 02:48:52.369, 8986259410810, vstest.console.dll, TestPluginCache: Loggers are ''.
TpTrace Verbose: 0 : 29360, 1, 2024/09/04, 02:48:52.369, 8986259411346, vstest.console.dll, TestPluginCache: TestHosts are 'HostProvider://DefaultTestHost,HostProvider://DotnetTestHost'.
TpTrace Verbose: 0 : 29360, 1, 2024/09/04, 02:48:52.369, 8986259411570, vstest.console.dll, TestPluginCache: DataCollectors are ''.
TpTrace Information: 0 : 29360, 1, 2024/09/04, 02:48:52.378, 8986259505990, vstest.console.dll, RunTestsArgumentProcessor:Execute: Test run is starting.
TpTrace Verbose: 0 : 29360, 1, 2024/09/04, 02:48:52.378, 8986259506802, vstest.console.dll, RunTestsArgumentProcessor:Execute: Queuing Test run.
TpTrace Information: 0 : 29360, 1, 2024/09/04, 02:48:52.378, 8986259508384, vstest.console.dll, TestRequestManager.RunTests: run tests started.
TpTrace Information: 0 : 29360, 1, 2024/09/04, 02:48:52.379, 8986259518901, vstest.console.dll, AssemblyMetadataProvider.GetFrameworkName: Determined framework:'.NETCoreApp,Version=v8.0' for source: 'C:\Users\Ritik.Anubhav\source\repos\PearsonCoreEngineModule\Pearson.UnitTest\bin\Debug\net8.0\fine-code-coverage\build-output\Pearson.UnitTest.dll'
TpTrace Information: 0 : 29360, 1, 2024/09/04, 02:48:52.380, 8986259520625, vstest.console.dll, Determined framework for all sources: .NETCoreApp,Version=v8.0
TpTrace Verbose: 0 : 29360, 1, 2024/09/04, 02:48:52.380, 8986259523506, vstest.console.dll, TestRequestManager.UpdateRunSettingsIfRequired: Default architecture: X64 IsDefaultTargetArchitecture: True, Current process architecture: X64 OperatingSystem: Windows.
TpTrace Information: 0 : 29360, 1, 2024/09/04, 02:48:52.381, 8986259536370, vstest.console.dll, AssemblyMetadataProvider.GetArchitecture: Determined architecture:AnyCPU info for assembly: C:\Users\Ritik.Anubhav\source\repos\PearsonCoreEngineModule\Pearson.UnitTest\bin\Debug\net8.0\fine-code-coverage\build-output\Pearson.UnitTest.dll
TpTrace Information: 0 : 29360, 1, 2024/09/04, 02:48:52.381, 8986259536872, vstest.console.dll, Determined platform for source 'C:\Users\Ritik.Anubhav\source\repos\PearsonCoreEngineModule\Pearson.UnitTest\bin\Debug\net8.0\fine-code-coverage\build-output\Pearson.UnitTest.dll' was AnyCPU and it will use the default plaform X64.
TpTrace Information: 0 : 29360, 1, 2024/09/04, 02:48:52.381, 8986259537034, vstest.console.dll, None of the sources provided any runnable platform, using the default platform: X64
TpTrace Information: 0 : 29360, 1, 2024/09/04, 02:48:52.381, 8986259537762, vstest.console.dll, Platform was updated to 'X64'.
TpTrace Information: 0 : 29360, 1, 2024/09/04, 02:48:52.384, 8986259561817, vstest.console.dll, InferRunSettingsHelper.IsTestSettingsEnabled: Unable to navigate to RunSettings/MSTest. Current node: RunSettings
TpTrace Information: 0 : 29360, 1, 2024/09/04, 02:48:52.384, 8986259566768, vstest.console.dll, AssemblyResolver.OnResolve: Microsoft.VisualStudio.TestPlatform.Fakes: Resolving assembly.
TpTrace Information: 0 : 29360, 1, 2024/09/04, 02:48:52.384, 8986259567246, vstest.console.dll, AssemblyResolver.OnResolve: Microsoft.VisualStudio.TestPlatform.Fakes: Searching in: 'C:\Program Files\dotnet\sdk\8.0.304\Extensions'.
TpTrace Information: 0 : 29360, 1, 2024/09/04, 02:48:52.384, 8986259567853, vstest.console.dll, AssemblyResolver.OnResolve: Microsoft.VisualStudio.TestPlatform.Fakes: Assembly path does not exist: 'C:\Program Files\dotnet\sdk\8.0.304\Extensions\Microsoft.VisualStudio.TestPlatform.Fakes.dll', returning.
TpTrace Information: 0 : 29360, 1, 2024/09/04, 02:48:52.384, 8986259568201, vstest.console.dll, AssemblyResolver.OnResolve: Microsoft.VisualStudio.TestPlatform.Fakes: Assembly path does not exist: 'C:\Program Files\dotnet\sdk\8.0.304\Extensions\Microsoft.VisualStudio.TestPlatform.Fakes.exe', returning.
TpTrace Information: 0 : 29360, 1, 2024/09/04, 02:48:52.384, 8986259568364, vstest.console.dll, AssemblyResolver.OnResolve: Microsoft.VisualStudio.TestPlatform.Fakes: Searching in: 'C:\Program Files\dotnet\sdk\8.0.304'.
TpTrace Information: 0 : 29360, 1, 2024/09/04, 02:48:52.384, 8986259568764, vstest.console.dll, AssemblyResolver.OnResolve: Microsoft.VisualStudio.TestPlatform.Fakes: Assembly path does not exist: 'C:\Program Files\dotnet\sdk\8.0.304\Microsoft.VisualStudio.TestPlatform.Fakes.dll', returning.
TpTrace Information: 0 : 29360, 1, 2024/09/04, 02:48:52.384, 8986259569058, vstest.console.dll, AssemblyResolver.OnResolve: Microsoft.VisualStudio.TestPlatform.Fakes: Assembly path does not exist: 'C:\Program Files\dotnet\sdk\8.0.304\Microsoft.VisualStudio.TestPlatform.Fakes.exe', returning.
TpTrace Information: 0 : 29360, 1, 2024/09/04, 02:48:52.384, 8986259569210, vstest.console.dll, AssemblyResolver.OnResolve: Microsoft.VisualStudio.TestPlatform.Fakes: Failed to load assembly.
TpTrace Information: 0 : 29360, 1, 2024/09/04, 02:48:52.385, 8986259571182, vstest.console.dll, Failed to load assembly Microsoft.VisualStudio.TestPlatform.Fakes, Version=17.0.0.0, Culture=neutral. Reason:System.IO.FileNotFoundException: Could not load file or assembly 'Microsoft.VisualStudio.TestPlatform.Fakes, Version=17.0.0.0, Culture=neutral, PublicKeyToken=null'. The system cannot find the file specified.
File name: 'Microsoft.VisualStudio.TestPlatform.Fakes, Version=17.0.0.0, Culture=neutral, PublicKeyToken=null'
   at System.Reflection.RuntimeAssembly.InternalLoad(AssemblyName assemblyName, StackCrawlMark& stackMark, AssemblyLoadContext assemblyLoadContext, RuntimeAssembly requestingAssembly, Boolean throwOnFileNotFound)
   at System.Reflection.Assembly.Load(AssemblyName assemblyRef)
   at Microsoft.VisualStudio.TestPlatform.Common.Utilities.FakesUtilities.LoadTestPlatformAssembly() in /_/src/Microsoft.TestPlatform.Common/Utilities/FakesUtilities.cs:line 272
TpTrace Verbose: 0 : 29360, 1, 2024/09/04, 02:48:52.387, 8986259596849, vstest.console.dll, TestPluginCache.DiscoverTestExtensions: finding test extensions in assemblies ends with: TestLogger.dll TPluginInfo: Microsoft.VisualStudio.TestPlatform.Common.ExtensionFramework.Utilities.TestLoggerPluginInformation TExtension: Microsoft.VisualStudio.TestPlatform.ObjectModel.Client.ITestLogger
TpTrace Verbose: 0 : 29360, 1, 2024/09/04, 02:48:52.387, 8986259597705, vstest.console.dll, TestPluginCache.GetExtensionPaths: Filtered extension paths: 
TpTrace Verbose: 0 : 29360, 1, 2024/09/04, 02:48:52.387, 8986259597935, vstest.console.dll, TestPluginCache.GetExtensionPaths: Added default extension paths: C:\Program Files\dotnet\sdk\8.0.304\Extensions\Microsoft.Diagnostics.NETCore.Client.dll
C:\Program Files\dotnet\sdk\8.0.304\Extensions\Microsoft.TestPlatform.Extensions.BlameDataCollector.dll
C:\Program Files\dotnet\sdk\8.0.304\Extensions\Microsoft.TestPlatform.Extensions.EventLogCollector.dll
C:\Program Files\dotnet\sdk\8.0.304\Extensions\Microsoft.TestPlatform.TestHostRuntimeProvider.dll
C:\Program Files\dotnet\sdk\8.0.304\Extensions\Microsoft.VisualStudio.TestPlatform.Extensions.Html.TestLogger.dll
C:\Program Files\dotnet\sdk\8.0.304\Extensions\Microsoft.VisualStudio.TestPlatform.Extensions.Trx.TestLogger.dll
TpTrace Verbose: 0 : 29360, 1, 2024/09/04, 02:48:52.387, 8986259598095, vstest.console.dll, TestPluginCache.GetExtensionPaths: Added unfilterableExtensionPaths: 
TpTrace Information: 0 : 29360, 1, 2024/09/04, 02:48:52.387, 8986259598977, vstest.console.dll, AssemblyResolver.AddSearchDirectories: Adding more searchDirectories C:\Program Files\dotnet\sdk\8.0.304\Extensions,C:\Program Files\dotnet\sdk\8.0.304
TpTrace Verbose: 0 : 29360, 1, 2024/09/04, 02:48:52.387, 8986259599255, vstest.console.dll, TestPluginCache.DiscoverTestExtensions: Discovering the extensions using extension path.
TpTrace Verbose: 0 : 29360, 1, 2024/09/04, 02:48:52.387, 8986259599447, vstest.console.dll, TestPluginCache.GetExtensionPaths: Filtered extension paths: 
TpTrace Verbose: 0 : 29360, 1, 2024/09/04, 02:48:52.387, 8986259599632, vstest.console.dll, TestPluginCache.GetExtensionPaths: Added default extension paths: C:\Program Files\dotnet\sdk\8.0.304\Extensions\Microsoft.Diagnostics.NETCore.Client.dll
C:\Program Files\dotnet\sdk\8.0.304\Extensions\Microsoft.TestPlatform.Extensions.BlameDataCollector.dll
C:\Program Files\dotnet\sdk\8.0.304\Extensions\Microsoft.TestPlatform.Extensions.EventLogCollector.dll
C:\Program Files\dotnet\sdk\8.0.304\Extensions\Microsoft.TestPlatform.TestHostRuntimeProvider.dll
C:\Program Files\dotnet\sdk\8.0.304\Extensions\Microsoft.VisualStudio.TestPlatform.Extensions.Html.TestLogger.dll
C:\Program Files\dotnet\sdk\8.0.304\Extensions\Microsoft.VisualStudio.TestPlatform.Extensions.Trx.TestLogger.dll
TpTrace Verbose: 0 : 29360, 1, 2024/09/04, 02:48:52.387, 8986259599785, vstest.console.dll, TestPluginCache.GetExtensionPaths: Added unfilterableExtensionPaths: 
TpTrace Verbose: 0 : 29360, 1, 2024/09/04, 02:48:52.387, 8986259599967, vstest.console.dll, TestPluginCache.DiscoverTestExtensions: Discovering the extensions using allExtensionPaths: C:\Program Files\dotnet\sdk\8.0.304\Extensions\Microsoft.Diagnostics.NETCore.Client.dll
C:\Program Files\dotnet\sdk\8.0.304\Extensions\Microsoft.TestPlatform.Extensions.BlameDataCollector.dll
C:\Program Files\dotnet\sdk\8.0.304\Extensions\Microsoft.TestPlatform.Extensions.EventLogCollector.dll
C:\Program Files\dotnet\sdk\8.0.304\Extensions\Microsoft.TestPlatform.TestHostRuntimeProvider.dll
C:\Program Files\dotnet\sdk\8.0.304\Extensions\Microsoft.VisualStudio.TestPlatform.Extensions.Html.TestLogger.dll
C:\Program Files\dotnet\sdk\8.0.304\Extensions\Microsoft.VisualStudio.TestPlatform.Extensions.Trx.TestLogger.dll
TpTrace Information: 0 : 29360, 1, 2024/09/04, 02:48:52.388, 8986259600595, vstest.console.dll, AssemblyResolver.AddSearchDirectories: Adding more searchDirectories C:\Program Files\dotnet\sdk\8.0.304\Extensions,C:\Program Files\dotnet\sdk\8.0.304
TpTrace Information: 0 : 29360, 1, 2024/09/04, 02:48:52.388, 8986259600836, vstest.console.dll, AssemblyResolver.AddSearchDirectories: Adding more searchDirectories C:\Program Files\dotnet\sdk\8.0.304\Extensions,C:\Program Files\dotnet\sdk\8.0.304
TpTrace Information: 0 : 29360, 1, 2024/09/04, 02:48:52.388, 8986259600997, vstest.console.dll, AssemblyResolver.AddSearchDirectories: Adding more searchDirectories C:\Program Files\dotnet\sdk\8.0.304\Extensions,C:\Program Files\dotnet\sdk\8.0.304
TpTrace Information: 0 : 29360, 1, 2024/09/04, 02:48:52.388, 8986259601148, vstest.console.dll, AssemblyResolver.AddSearchDirectories: Adding more searchDirectories C:\Program Files\dotnet\sdk\8.0.304\Extensions,C:\Program Files\dotnet\sdk\8.0.304
TpTrace Information: 0 : 29360, 1, 2024/09/04, 02:48:52.388, 8986259601299, vstest.console.dll, AssemblyResolver.AddSearchDirectories: Adding more searchDirectories C:\Program Files\dotnet\sdk\8.0.304\Extensions,C:\Program Files\dotnet\sdk\8.0.304
TpTrace Information: 0 : 29360, 1, 2024/09/04, 02:48:52.388, 8986259601473, vstest.console.dll, AssemblyResolver.AddSearchDirectories: Adding more searchDirectories C:\Program Files\dotnet\sdk\8.0.304\Extensions,C:\Program Files\dotnet\sdk\8.0.304
TpTrace Verbose: 0 : 29360, 1, 2024/09/04, 02:48:52.388, 8986259602358, vstest.console.dll, MetadataReaderExtensionsHelper: Discovering extensions inside assembly 'Microsoft.Diagnostics.NETCore.Client, Version=0.2.10.15101, Culture=neutral, PublicKeyToken=31bf3856ad364e35' file path 'C:\Program Files\dotnet\sdk\8.0.304\Extensions\Microsoft.Diagnostics.NETCore.Client.dll'
TpTrace Information: 0 : 29360, 1, 2024/09/04, 02:48:52.388, 8986259607992, vstest.console.dll, AssemblyResolver.OnResolve: Microsoft.Bcl.AsyncInterfaces: Resolving assembly.
TpTrace Information: 0 : 29360, 1, 2024/09/04, 02:48:52.388, 8986259608533, vstest.console.dll, AssemblyResolver.OnResolve: Microsoft.Bcl.AsyncInterfaces: Resolved from cache.
TpTrace Verbose: 0 : 29360, 1, 2024/09/04, 02:48:52.388, 8986259608702, vstest.console.dll, CurrentDomainAssemblyResolve: Resolving assembly 'Microsoft.Bcl.AsyncInterfaces'.
TpTrace Information: 0 : 29360, 1, 2024/09/04, 02:48:52.388, 8986259609076, vstest.console.dll, AssemblyResolver.OnResolve: Microsoft.Bcl.AsyncInterfaces: Resolving assembly.
TpTrace Information: 0 : 29360, 1, 2024/09/04, 02:48:52.388, 8986259609230, vstest.console.dll, AssemblyResolver.OnResolve: Microsoft.Bcl.AsyncInterfaces: Resolved from cache.
TpTrace Verbose: 0 : 29360, 1, 2024/09/04, 02:48:52.388, 8986259609371, vstest.console.dll, CurrentDomainAssemblyResolve: Resolving assembly 'Microsoft.Bcl.AsyncInterfaces'.
TpTrace Verbose: 0 : 29360, 1, 2024/09/04, 02:48:52.388, 8986259609513, vstest.console.dll, CurrentDomainAssemblyResolve: Failed to resolve assembly 'Microsoft.Bcl.AsyncInterfaces'.
TpTrace Verbose: 0 : 29360, 1, 2024/09/04, 02:48:52.389, 8986259610473, vstest.console.dll, CurrentDomainAssemblyResolve: Failed to resolve assembly 'Microsoft.Bcl.AsyncInterfaces'.
TpTrace Warning: 0 : 29360, 1, 2024/09/04, 02:48:52.389, 8986259612827, vstest.console.dll, TestPluginDiscoverer: Failed to get types from assembly 'Microsoft.Diagnostics.NETCore.Client, Version=0.2.10.15101, Culture=neutral, PublicKeyToken=31bf3856ad364e35'. Error: System.Reflection.ReflectionTypeLoadException: Unable to load one or more of the requested types.
Could not load file or assembly 'Microsoft.Bcl.AsyncInterfaces, Version=6.0.0.0, Culture=neutral, PublicKeyToken=cc7b13ffcd2ddd51'. The system cannot find the file specified.
   at System.Reflection.RuntimeModule.GetTypes(RuntimeModule module)
   at System.Reflection.RuntimeModule.GetTypes()
   at Microsoft.VisualStudio.TestPlatform.Common.ExtensionFramework.TestPluginDiscoverer.GetTestExtensionsFromAssembly[TPluginInfo,TExtension](Assembly assembly, Dictionary`2 pluginInfos, String filePath) in /_/src/Microsoft.TestPlatform.Common/ExtensionFramework/TestPluginDiscoverer.cs:line 158
System.IO.FileNotFoundException: Could not load file or assembly 'Microsoft.Bcl.AsyncInterfaces, Version=6.0.0.0, Culture=neutral, PublicKeyToken=cc7b13ffcd2ddd51'. The system cannot find the file specified.
File name: 'Microsoft.Bcl.AsyncInterfaces, Version=6.0.0.0, Culture=neutral, PublicKeyToken=cc7b13ffcd2ddd51'
 ---> System.IO.FileNotFoundException: Could not load file or assembly 'Microsoft.Bcl.AsyncInterfaces, Culture=neutral, PublicKeyToken=null'. The system cannot find the file specified.
File name: 'Microsoft.Bcl.AsyncInterfaces, Culture=neutral, PublicKeyToken=null'
   at System.Reflection.RuntimeAssembly.InternalLoad(AssemblyName assemblyName, StackCrawlMark& stackMark, AssemblyLoadContext assemblyLoadContext, RuntimeAssembly requestingAssembly, Boolean throwOnFileNotFound)
   at System.Reflection.Assembly.Load(AssemblyName assemblyRef)
   at Microsoft.VisualStudio.TestPlatform.Common.ExtensionFramework.TestPluginCache.CurrentDomainAssemblyResolve(Object sender, AssemblyResolveEventArgs args) in /_/src/Microsoft.TestPlatform.Common/ExtensionFramework/TestPluginCache.cs:line 513
   at System.Runtime.Loader.AssemblyLoadContext.GetFirstResolvedAssemblyFromResolvingEvent(AssemblyName assemblyName)
   at System.Runtime.Loader.AssemblyLoadContext.ResolveUsingEvent(AssemblyName assemblyName)
   at System.Runtime.Loader.AssemblyLoadContext.ResolveUsingResolvingEvent(IntPtr gchManagedAssemblyLoadContext, AssemblyName assemblyName)
TpTrace Warning: 0 : 29360, 1, 2024/09/04, 02:48:52.389, 8986259614303, vstest.console.dll, LoaderExceptions: System.IO.FileNotFoundException: Could not load file or assembly 'Microsoft.Bcl.AsyncInterfaces, Version=6.0.0.0, Culture=neutral, PublicKeyToken=cc7b13ffcd2ddd51'. The system cannot find the file specified.
File name: 'Microsoft.Bcl.AsyncInterfaces, Version=6.0.0.0, Culture=neutral, PublicKeyToken=cc7b13ffcd2ddd51'
 ---> System.IO.FileNotFoundException: Could not load file or assembly 'Microsoft.Bcl.AsyncInterfaces, Culture=neutral, PublicKeyToken=null'. The system cannot find the file specified.
File name: 'Microsoft.Bcl.AsyncInterfaces, Culture=neutral, PublicKeyToken=null'
   at System.Reflection.RuntimeAssembly.InternalLoad(AssemblyName assemblyName, StackCrawlMark& stackMark, AssemblyLoadContext assemblyLoadContext, RuntimeAssembly requestingAssembly, Boolean throwOnFileNotFound)
   at System.Reflection.Assembly.Load(AssemblyName assemblyRef)
   at Microsoft.VisualStudio.TestPlatform.Common.ExtensionFramework.TestPluginCache.CurrentDomainAssemblyResolve(Object sender, AssemblyResolveEventArgs args) in /_/src/Microsoft.TestPlatform.Common/ExtensionFramework/TestPluginCache.cs:line 513
   at System.Runtime.Loader.AssemblyLoadContext.GetFirstResolvedAssemblyFromResolvingEvent(AssemblyName assemblyName)
   at System.Runtime.Loader.AssemblyLoadContext.ResolveUsingEvent(AssemblyName assemblyName)
   at System.Runtime.Loader.AssemblyLoadContext.ResolveUsingResolvingEvent(IntPtr gchManagedAssemblyLoadContext, AssemblyName assemblyName)
TpTrace Verbose: 0 : 29360, 1, 2024/09/04, 02:48:52.389, 8986259614915, vstest.console.dll, MetadataReaderExtensionsHelper: Discovering extensions inside assembly 'Microsoft.TestPlatform.Extensions.BlameDataCollector, Version=15.0.0.0, Culture=neutral, PublicKeyToken=b03f5f7f11d50a3a' file path 'C:\Program Files\dotnet\sdk\8.0.304\Extensions\Microsoft.TestPlatform.Extensions.BlameDataCollector.dll'
TpTrace Information: 0 : 29360, 1, 2024/09/04, 02:48:52.389, 8986259618481, vstest.console.dll, GetTestExtensionFromType: Register extension with identifier data 'logger://Microsoft/TestPlatform/Extensions/Blame/v1' and type 'Microsoft.TestPlatform.Extensions.BlameDataCollector.BlameLogger, Microsoft.TestPlatform.Extensions.BlameDataCollector, Version=15.0.0.0, Culture=neutral, PublicKeyToken=b03f5f7f11d50a3a' inside file 'C:\Program Files\dotnet\sdk\8.0.304\Extensions\Microsoft.TestPlatform.Extensions.BlameDataCollector.dll'
TpTrace Verbose: 0 : 29360, 1, 2024/09/04, 02:48:52.389, 8986259619018, vstest.console.dll, MetadataReaderExtensionsHelper: Discovering extensions inside assembly 'Microsoft.TestPlatform.Extensions.EventLogCollector, Version=15.0.0.0, Culture=neutral, PublicKeyToken=b03f5f7f11d50a3a' file path 'C:\Program Files\dotnet\sdk\8.0.304\Extensions\Microsoft.TestPlatform.Extensions.EventLogCollector.dll'
TpTrace Verbose: 0 : 29360, 1, 2024/09/04, 02:48:52.390, 8986259621020, vstest.console.dll, MetadataReaderExtensionsHelper: Discovering extensions inside assembly 'Microsoft.TestPlatform.TestHostRuntimeProvider, Version=15.0.0.0, Culture=neutral, PublicKeyToken=b03f5f7f11d50a3a' file path 'C:\Program Files\dotnet\sdk\8.0.304\Extensions\Microsoft.TestPlatform.TestHostRuntimeProvider.dll'
TpTrace Verbose: 0 : 29360, 1, 2024/09/04, 02:48:52.390, 8986259623081, vstest.console.dll, MetadataReaderExtensionsHelper: Discovering extensions inside assembly 'Microsoft.VisualStudio.TestPlatform.Extensions.Html.TestLogger, Version=15.0.0.0, Culture=neutral, PublicKeyToken=b03f5f7f11d50a3a' file path 'C:\Program Files\dotnet\sdk\8.0.304\Extensions\Microsoft.VisualStudio.TestPlatform.Extensions.Html.TestLogger.dll'
TpTrace Information: 0 : 29360, 1, 2024/09/04, 02:48:52.390, 8986259627924, vstest.console.dll, GetTestExtensionFromType: Register extension with identifier data 'logger://Microsoft/TestPlatform/HtmlLogger/v1' and type 'Microsoft.VisualStudio.TestPlatform.Extensions.HtmlLogger.HtmlLogger, Microsoft.VisualStudio.TestPlatform.Extensions.Html.TestLogger, Version=15.0.0.0, Culture=neutral, PublicKeyToken=b03f5f7f11d50a3a' inside file 'C:\Program Files\dotnet\sdk\8.0.304\Extensions\Microsoft.VisualStudio.TestPlatform.Extensions.Html.TestLogger.dll'
TpTrace Verbose: 0 : 29360, 1, 2024/09/04, 02:48:52.390, 8986259628984, vstest.console.dll, MetadataReaderExtensionsHelper: Discovering extensions inside assembly 'Microsoft.VisualStudio.TestPlatform.Extensions.Trx.TestLogger, Version=15.0.0.0, Culture=neutral, PublicKeyToken=b03f5f7f11d50a3a' file path 'C:\Program Files\dotnet\sdk\8.0.304\Extensions\Microsoft.VisualStudio.TestPlatform.Extensions.Trx.TestLogger.dll'
TpTrace Information: 0 : 29360, 1, 2024/09/04, 02:48:52.391, 8986259633985, vstest.console.dll, GetTestExtensionFromType: Register extension with identifier data 'logger://Microsoft/TestPlatform/TrxLogger/v1' and type 'Microsoft.VisualStudio.TestPlatform.Extensions.TrxLogger.TrxLogger, Microsoft.VisualStudio.TestPlatform.Extensions.Trx.TestLogger, Version=15.0.0.0, Culture=neutral, PublicKeyToken=b03f5f7f11d50a3a' inside file 'C:\Program Files\dotnet\sdk\8.0.304\Extensions\Microsoft.VisualStudio.TestPlatform.Extensions.Trx.TestLogger.dll'
TpTrace Verbose: 0 : 29360, 1, 2024/09/04, 02:48:52.391, 8986259634982, vstest.console.dll, TestPluginCache: Discovered the extensions using extension path ''.
TpTrace Verbose: 0 : 29360, 1, 2024/09/04, 02:48:52.391, 8986259635373, vstest.console.dll, TestPluginCache: Discoverers are ''.
TpTrace Verbose: 0 : 29360, 1, 2024/09/04, 02:48:52.391, 8986259635583, vstest.console.dll, TestPluginCache: Executors are ''.
TpTrace Verbose: 0 : 29360, 1, 2024/09/04, 02:48:52.391, 8986259635819, vstest.console.dll, TestPluginCache: Executors2 are ''.
TpTrace Verbose: 0 : 29360, 1, 2024/09/04, 02:48:52.391, 8986259636023, vstest.console.dll, TestPluginCache: Setting providers are ''.
TpTrace Verbose: 0 : 29360, 1, 2024/09/04, 02:48:52.391, 8986259637031, vstest.console.dll, TestPluginCache: Loggers are 'logger://Microsoft/TestPlatform/Extensions/Blame/v1,logger://Microsoft/TestPlatform/HtmlLogger/v1,logger://Microsoft/TestPlatform/TrxLogger/v1'.
TpTrace Verbose: 0 : 29360, 1, 2024/09/04, 02:48:52.391, 8986259637457, vstest.console.dll, TestPluginCache: TestHosts are 'HostProvider://DefaultTestHost,HostProvider://DotnetTestHost'.
TpTrace Verbose: 0 : 29360, 1, 2024/09/04, 02:48:52.391, 8986259637713, vstest.console.dll, TestPluginCache: DataCollectors are ''.
TpTrace Information: 0 : 29360, 1, 2024/09/04, 02:48:52.392, 8986259647214, vstest.console.dll, TestPluginManager.CreateTestExtension: Attempting to load test extension: Microsoft.TestPlatform.Extensions.BlameDataCollector.BlameLogger
TpTrace Verbose: 0 : 29360, 1, 2024/09/04, 02:48:52.398, 8986259704447, vstest.console.dll, TestEngine: Initializing Parallel Execution as MaxCpuCount is set to: 1
TpTrace Information: 0 : 29360, 1, 2024/09/04, 02:48:52.399, 8986259715406, vstest.console.dll, TestPluginManager.CreateTestExtension: Attempting to load test extension: Microsoft.VisualStudio.TestPlatform.CrossPlatEngine.Hosting.DefaultTestHostManager
TpTrace Information: 0 : 29360, 1, 2024/09/04, 02:48:52.400, 8986259722949, vstest.console.dll, TestPluginManager.CreateTestExtension: Attempting to load test extension: Microsoft.VisualStudio.TestPlatform.CrossPlatEngine.Hosting.DotnetTestHostManager
TpTrace Information: 0 : 29360, 1, 2024/09/04, 02:48:52.400, 8986259727185, vstest.console.dll, InferRunSettingsHelper.IsTestSettingsEnabled: Unable to navigate to RunSettings/MSTest. Current node: RunSettings
TpTrace Verbose: 0 : 29360, 1, 2024/09/04, 02:48:52.401, 8986259731242, vstest.console.dll, ParallelOperationManager.ClearSlots: Clearing all slots. Slots should accept more work: True
TpTrace Verbose: 0 : 29360, 1, 2024/09/04, 02:48:52.401, 8986259735621, vstest.console.dll, ParallelOperationManager.SetOccupiedSlotCount: Setting slot counts AvailableSlotCount = 1, OccupiedSlotCount = 0.
TpTrace Verbose: 0 : 29360, 1, 2024/09/04, 02:48:52.401, 8986259737725, vstest.console.dll, Occupied slots:

TpTrace Verbose: 0 : 29360, 1, 2024/09/04, 02:48:52.404, 8986259761298, vstest.console.dll, TestEngine.GetExecutionManager: Chosen execution manager 'Microsoft.VisualStudio.TestPlatform.CrossPlatEngine.Client.Parallel.ParallelProxyExecutionManager, Microsoft.TestPlatform.CrossPlatEngine, Version=15.0.0.0, Culture=neutral, PublicKeyToken=b03f5f7f11d50a3a' ParallelLevel '1'.
TpTrace Verbose: 0 : 29360, 1, 2024/09/04, 02:48:52.404, 8986259762421, vstest.console.dll, TestRunRequest.ExecuteAsync: Creating test run request.
TpTrace Verbose: 0 : 29360, 1, 2024/09/04, 02:48:52.404, 8986259763968, vstest.console.dll, TestRunRequest.ExecuteAsync: Starting.
TpTrace Information: 0 : 29360, 1, 2024/09/04, 02:48:52.405, 8986259771784, vstest.console.dll, TestRunRequest.ExecuteAsync: Starting run with settings:TestRunCriteria:
   KeepAlive=False,FrequencyOfRunStatsChangeEvent=10,RunStatsChangeEventTimeout=00:00:01.5000000,TestCaseFilter=,TestExecutorLauncher=
   Settingsxml=<RunSettings>
  <RunConfiguration>
    <ResultsDirectory>C:\Users\Ritik.Anubhav\source\repos\PearsonCoreEngineModule\Pearson.UnitTest\bin\Debug\net8.0\fine-code-coverage\coverage-tool-output</ResultsDirectory>
    <TargetPlatform>X64</TargetPlatform>
    <TargetFrameworkVersion>.NETCoreApp,Version=v8.0</TargetFrameworkVersion>
    <DesignMode>False</DesignMode>
    <CollectSourceInformation>False</CollectSourceInformation>
  </RunConfiguration>
  <LoggerRunSettings>
    <Loggers>
      <Logger friendlyName="blame" enabled="True" />
      <Logger friendlyName="Console" uri="logger://microsoft/TestPlatform/ConsoleLogger/v1" assemblyQualifiedName="Microsoft.VisualStudio.TestPlatform.CommandLine.Internal.ConsoleLogger, vstest.console, Version=15.0.0.0, Culture=neutral, PublicKeyToken=b03f5f7f11d50a3a" codeBase="C:\Program Files\dotnet\sdk\8.0.304\vstest.console.dll" enabled="True" />
    </Loggers>
  </LoggerRunSettings>
  <DataCollectionRunSettings>
    <DataCollectors>
      <DataCollector friendlyName="blame" enabled="True">
        <Configuration>
          <ResultsDirectory>C:\Users\Ritik.Anubhav\source\repos\PearsonCoreEngineModule\Pearson.UnitTest\bin\Debug\net8.0\fine-code-coverage\coverage-tool-output</ResultsDirectory>
        </Configuration>
      </DataCollector>
    </DataCollectors>
  </DataCollectionRunSettings>
</RunSettings>

TpTrace Verbose: 0 : 29360, 1, 2024/09/04, 02:48:52.405, 8986259772247, vstest.console.dll, TestRunRequest.ExecuteAsync: Wait for the first run request is over.
TpTrace Verbose: 0 : 29360, 1, 2024/09/04, 02:48:52.405, 8986259774693, vstest.console.dll, MulticastDelegateUtilities.SafeInvoke: TestRun.TestRunStart: Invoking callbacks was skipped because there are no subscribers.
TpTrace Verbose: 0 : 29360, 4, 2024/09/04, 02:48:52.405, 8986259776581, vstest.console.dll, MulticastDelegateUtilities.SafeInvoke: InternalTestLoggerEvents.SendTestRunStart: Invoking callback 1/1 for Microsoft.VisualStudio.TestPlatform.CommandLine.Internal.ConsoleLogger., took 0 ms.
TpTrace Verbose: 0 : 29360, 1, 2024/09/04, 02:48:52.406, 8986259782042, vstest.console.dll, ParallelProxyExecutionManager: Start execution. Total sources: 1
TpTrace Verbose: 0 : 29360, 1, 2024/09/04, 02:48:52.406, 8986259784523, vstest.console.dll, ParallelOperationManager.StartWork: Starting adding 1 workloads.
TpTrace Verbose: 0 : 29360, 1, 2024/09/04, 02:48:52.406, 8986259785915, vstest.console.dll, ParallelOperationManager.ClearSlots: Clearing all slots. Slots should accept more work: True
TpTrace Verbose: 0 : 29360, 1, 2024/09/04, 02:48:52.406, 8986259786977, vstest.console.dll, ParallelOperationManager.SetOccupiedSlotCount: Setting slot counts AvailableSlotCount = 1, OccupiedSlotCount = 0.
TpTrace Verbose: 0 : 29360, 1, 2024/09/04, 02:48:52.406, 8986259787579, vstest.console.dll, Occupied slots:

TpTrace Verbose: 0 : 29360, 1, 2024/09/04, 02:48:52.409, 8986259811308, vstest.console.dll, TestRequestSender is acting as server.
TpTrace Verbose: 0 : 29360, 1, 2024/09/04, 02:48:52.410, 8986259827492, vstest.console.dll, ParallelOperationManager.RunWorkInParallel: Adding 1 workload to slot, remaining workloads 0.
TpTrace Verbose: 0 : 29360, 1, 2024/09/04, 02:48:52.410, 8986259828515, vstest.console.dll, ParallelOperationManager.SetOccupiedSlotCount: Setting slot counts AvailableSlotCount = 0, OccupiedSlotCount = 1.
TpTrace Verbose: 0 : 29360, 1, 2024/09/04, 02:48:52.410, 8986259829882, vstest.console.dll, Occupied slots:
0: C:\Users\Ritik.Anubhav\source\repos\PearsonCoreEngineModule\Pearson.UnitTest\bin\Debug\net8.0\fine-code-coverage\build-output\Pearson.UnitTest.dll
TpTrace Verbose: 0 : 29360, 1, 2024/09/04, 02:48:52.412, 8986259844938, vstest.console.dll, ParallelOperationManager.RunWorkInParallel: Started host in slot number 0 for work (source): C:\Users\Ritik.Anubhav\source\repos\PearsonCoreEngineModule\Pearson.UnitTest\bin\Debug\net8.0\fine-code-coverage\build-output\Pearson.UnitTest.dll.
TpTrace Verbose: 0 : 29360, 1, 2024/09/04, 02:48:52.413, 8986259856803, vstest.console.dll, ParallelOperationManager.RunWorkInParallel: We started 1 work items, which is the max parallel level. Won't start more work.
TpTrace Verbose: 0 : 29360, 1, 2024/09/04, 02:48:52.413, 8986259857710, vstest.console.dll, ParallelOperationManager.RunWorkInParallel: We started 1 work items in here, returning True.
TpTrace Information: 0 : 29360, 1, 2024/09/04, 02:48:52.413, 8986259858109, vstest.console.dll, TestRunRequest.ExecuteAsync: Started.
TpTrace Verbose: 0 : 29360, 5, 2024/09/04, 02:48:52.413, 8986259859875, vstest.console.dll, ParallelProxyExecutionManager.StartTestRunOnConcurrentManager: Initializing uninitialized client. Started clients: 0
TpTrace Verbose: 0 : 29360, 5, 2024/09/04, 02:48:52.414, 8986259861881, vstest.console.dll, DataCollectionRequestSender.InitializeCommunication : Initialize communication. 
TpTrace Verbose: 0 : 29360, 1, 2024/09/04, 02:48:52.414, 8986259863933, vstest.console.dll, TestRunRequest.WaitForCompletion: Waiting with timeout -1.
TpTrace Information: 0 : 29360, 5, 2024/09/04, 02:48:52.424, 8986259961725, vstest.console.dll, Listening on Endpoint : 127.0.0.1:50400
TpTrace Verbose: 0 : 29360, 5, 2024/09/04, 02:48:52.432, 8986260048048, vstest.console.dll, DotnetDataCollectionLauncher: Adding  --runtimeconfig "C:\Program Files\dotnet\sdk\8.0.304\datacollector.runtimeconfig.json" in args
TpTrace Verbose: 0 : 29360, 5, 2024/09/04, 02:48:52.432, 8986260049635, vstest.console.dll, DotnetDataCollectionLauncher: Adding  --depsfile "C:\Program Files\dotnet\sdk\8.0.304\datacollector.deps.json" in args
TpTrace Verbose: 0 : 29360, 5, 2024/09/04, 02:48:52.433, 8986260051990, vstest.console.dll, DotnetDataCollectionLauncher: Full path of dotnet.exe is C:\Program Files\dotnet\dotnet.exe
TpTrace Information: 0 : 29360, 5, 2024/09/04, 02:48:52.441, 8986260134066, vstest.console.dll, ProxyDataCollectionManager.Initialize: Launched datacollector processId: 36592 port: 50400
TpTrace Information: 0 : 29360, 5, 2024/09/04, 02:48:52.441, 8986260135989, vstest.console.dll, ProxyDataCollectionManager.Initialize: waiting for connection with timeout: 90 seconds
TpTrace Verbose: 0 : 29360, 5, 2024/09/04, 02:48:52.441, 8986260136585, vstest.console.dll, DataCollectionRequestSender.WaitForRequestHandlerConnection : Waiting for connection with timeout: 90000
TpTrace Information: 0 : 29360, 7, 2024/09/04, 02:48:52.580, 8986261524153, vstest.console.dll, Using the buffer size of 16384 bytes
TpTrace Verbose: 0 : 29360, 5, 2024/09/04, 02:48:52.580, 8986261524221, vstest.console.dll, SocketCommunicationManager.WaitForClientConnection took: 138 ms, with 90000 ms timeout, and finished with True.
TpTrace Information: 0 : 29360, 7, 2024/09/04, 02:48:52.580, 8986261525568, vstest.console.dll, Accepted Client request and set the flag
TpTrace Verbose: 0 : 29360, 5, 2024/09/04, 02:48:52.580, 8986261526507, vstest.console.dll, ProxyDataCollectionManager.InvokeDataCollectionServiceAction: Starting.
TpTrace Information: 0 : 29360, 5, 2024/09/04, 02:48:52.580, 8986261527276, vstest.console.dll, ProxyDataCollectionManager.BeforeTestRunStart: Get environment variable and port for datacollector processId: 36592 port: 50400
TpTrace Verbose: 0 : 29360, 5, 2024/09/04, 02:48:52.580, 8986261528374, vstest.console.dll, DataCollectionRequestSender.SendBeforeTestRunStartAndGetResult: Send BeforeTestRunStart message with settingsXml <RunSettings><RunConfiguration><ResultsDirectory>C:\Users\Ritik.Anubhav\source\repos\PearsonCoreEngineModule\Pearson.UnitTest\bin\Debug\net8.0\fine-code-coverage\coverage-tool-output</ResultsDirectory><TargetPlatform>X64</TargetPlatform><TargetFrameworkVersion>.NETCoreApp,Version=v8.0</TargetFrameworkVersion><DesignMode>False</DesignMode><CollectSourceInformation>False</CollectSourceInformation><TestAdaptersPaths>C:\Program Files\dotnet\sdk\8.0.304\Extensions</TestAdaptersPaths></RunConfiguration><LoggerRunSettings><Loggers><Logger friendlyName="blame" enabled="True" /><Logger friendlyName="Console" uri="logger://microsoft/TestPlatform/ConsoleLogger/v1" assemblyQualifiedName="Microsoft.VisualStudio.TestPlatform.CommandLine.Internal.ConsoleLogger, vstest.console, Version=15.0.0.0, Culture=neutral, PublicKeyToken=b03f5f7f11d50a3a" codeBase="C:\Program Files\dotnet\sdk\8.0.304\vstest.console.dll" enabled="True" /></Loggers></LoggerRunSettings><DataCollectionRunSettings><DataCollectors><DataCollector friendlyName="blame" enabled="True"><Configuration><ResultsDirectory>C:\Users\Ritik.Anubhav\source\repos\PearsonCoreEngineModule\Pearson.UnitTest\bin\Debug\net8.0\fine-code-coverage\coverage-tool-output</ResultsDirectory></Configuration></DataCollector></DataCollectors></DataCollectionRunSettings></RunSettings> and sources System.Collections.Generic.List`1[System.String]: 
TpTrace Verbose: 0 : 29360, 5, 2024/09/04, 02:48:52.618, 8986261904709, vstest.console.dll, DataCollectionRequestSender.SendBeforeTestRunStartAndGetResult: Received message: (DataCollection.SendMessage) -> {"MessageType":"DataCollection.SendMessage","Payload":{"FriendlyName":null,"Uri":null,"TestCaseId":"00000000-0000-0000-0000-000000000000","Message":"Logging DataCollector Diagnostics in file: C:\\Users\\Ritik.Anubhav\\source\\repos\\PearsonCoreEngineModule\\Pearson.UnitTest\\bin\\Debug\\net8.0\\fine-code-coverage\\coverage-tool-output\\diagnostics.datacollector.24-09-04_02-48-52_43247_5.log","Level":0}}
TpTrace Verbose: 0 : 29360, 5, 2024/09/04, 02:48:52.680, 8986262526821, vstest.console.dll, DataCollectionRequestSender.SendBeforeTestRunStartAndGetResult: Received message: (DataCollection.BeforeTestRunStartResult) -> {"MessageType":"DataCollection.BeforeTestRunStartResult","Payload":{"EnvironmentVariables":{},"DataCollectionEventsPort":50405}}
TpTrace Information: 0 : 29360, 5, 2024/09/04, 02:48:52.683, 8986262559497, vstest.console.dll, ProxyDataCollectionManager.BeforeTestRunStart: SendBeforeTestRunStartAndGetResult successful, env variable from datacollector:   and testhost port: 50405
TpTrace Information: 0 : 29360, 5, 2024/09/04, 02:48:52.684, 8986262560764, vstest.console.dll, ProxyDataCollectionManager.InvokeDataCollectionServiceAction: Completed.
TpTrace Verbose: 0 : 29360, 5, 2024/09/04, 02:48:52.684, 8986262561047, vstest.console.dll, ParallelProxyExecutionManager.StartTestRunOnConcurrentManager: Initializing test run. Started clients: 0
TpTrace Verbose: 0 : 29360, 5, 2024/09/04, 02:48:52.684, 8986262561719, vstest.console.dll, ProxyExecutionManager: Test host is always Lazy initialize.
TpTrace Verbose: 0 : 29360, 5, 2024/09/04, 02:48:52.684, 8986262563383, vstest.console.dll, TestRequestSender.InitializeCommunication: initialize communication. 
TpTrace Information: 0 : 29360, 5, 2024/09/04, 02:48:52.684, 8986262567949, vstest.console.dll, SocketServer.Start: Listening on endpoint : 127.0.0.1:50406
TpTrace Verbose: 0 : 29360, 5, 2024/09/04, 02:48:52.685, 8986262574075, vstest.console.dll, DotnetTestHostmanager.GetTestHostProcessStartInfo: Platform environment 'X64' target architecture 'X64' framework '.NETCoreApp,Version=v8.0' OS 'Windows'
TpTrace Verbose: 0 : 29360, 5, 2024/09/04, 02:48:52.685, 8986262576043, vstest.console.dll, DotnetTestHostmanager: Adding  --runtimeconfig "C:\Users\Ritik.Anubhav\source\repos\PearsonCoreEngineModule\Pearson.UnitTest\bin\Debug\net8.0\fine-code-coverage\build-output\Pearson.UnitTest.runtimeconfig.json" in args
TpTrace Verbose: 0 : 29360, 5, 2024/09/04, 02:48:52.685, 8986262576724, vstest.console.dll, DotnetTestHostmanager: Adding  --depsfile "C:\Users\Ritik.Anubhav\source\repos\PearsonCoreEngineModule\Pearson.UnitTest\bin\Debug\net8.0\fine-code-coverage\build-output\Pearson.UnitTest.deps.json" in args
TpTrace Verbose: 0 : 29360, 5, 2024/09/04, 02:48:52.685, 8986262578325, vstest.console.dll, DotnetTestHostmanager.IsWinOnArm: Current PROCESSOR_ARCHITECTURE from environment variable 'AMD64'
TpTrace Verbose: 0 : 29360, 5, 2024/09/04, 02:48:52.685, 8986262578748, vstest.console.dll, DotnetTestHostmanager.IsWinOnArm: Is Windows on ARM 'False'
TpTrace Verbose: 0 : 29360, 5, 2024/09/04, 02:48:52.685, 8986262579408, vstest.console.dll, DotnetTestHostManager: testhost.exe found at path: C:\Users\Ritik.Anubhav\source\repos\PearsonCoreEngineModule\Pearson.UnitTest\bin\Debug\net8.0\fine-code-coverage\build-output\testhost.exe
TpTrace Verbose: 0 : 29360, 5, 2024/09/04, 02:48:52.685, 8986262579753, vstest.console.dll, DotnetTestHostmanager: Full path of host exe is C:\Users\Ritik.Anubhav\source\repos\PearsonCoreEngineModule\Pearson.UnitTest\bin\Debug\net8.0\fine-code-coverage\build-output\testhost.exe
TpTrace Verbose: 0 : 29360, 5, 2024/09/04, 02:48:52.686, 8986262580628, vstest.console.dll, DotnetTestHostmanager.LaunchTestHostAsync: Found 'VSTEST_WINAPPHOST_DOTNET_ROOT' in env variables, value 'C:\Program Files\dotnet', forwarding to 'DOTNET_ROOT'
TpTrace Verbose: 0 : 29360, 5, 2024/09/04, 02:48:52.686, 8986262581607, vstest.console.dll, DotnetTestHostManager: Starting process 'C:\Users\Ritik.Anubhav\source\repos\PearsonCoreEngineModule\Pearson.UnitTest\bin\Debug\net8.0\fine-code-coverage\build-output\testhost.exe' with command line ' --runtimeconfig "C:\Users\Ritik.Anubhav\source\repos\PearsonCoreEngineModule\Pearson.UnitTest\bin\Debug\net8.0\fine-code-coverage\build-output\Pearson.UnitTest.runtimeconfig.json" --depsfile "C:\Users\Ritik.Anubhav\source\repos\PearsonCoreEngineModule\Pearson.UnitTest\bin\Debug\net8.0\fine-code-coverage\build-output\Pearson.UnitTest.deps.json" --port 50406 --endpoint 127.0.0.1:050406 --role client --parentprocessid 29360 --diag "C:\Users\Ritik.Anubhav\source\repos\PearsonCoreEngineModule\Pearson.UnitTest\bin\Debug\net8.0\fine-code-coverage\coverage-tool-output\diagnostics.host.24-09-04_02-48-52_68513_5.log" --tracelevel 4 --datacollectionport 50405 --telemetryoptedin false'
TpTrace Verbose: 0 : 29360, 5, 2024/09/04, 02:48:52.695, 8986262675441, vstest.console.dll, MulticastDelegateUtilities.SafeInvoke: HostProviderEvents.OnHostLaunched: Invoking callback 1/2 for Microsoft.VisualStudio.TestPlatform.CrossPlatEngine.Client.ProxyExecutionManagerWithDataCollection., took 1 ms.
TpTrace Verbose: 0 : 29360, 5, 2024/09/04, 02:48:52.695, 8986262680122, vstest.console.dll, Test Runtime launched
TpTrace Verbose: 0 : 29360, 5, 2024/09/04, 02:48:52.696, 8986262681103, vstest.console.dll, MulticastDelegateUtilities.SafeInvoke: HostProviderEvents.OnHostLaunched: Invoking callback 2/2 for Microsoft.VisualStudio.TestPlatform.CrossPlatEngine.Client.ProxyOperationManager., took 0 ms.
TpTrace Verbose: 0 : 29360, 5, 2024/09/04, 02:48:52.696, 8986262682768, vstest.console.dll, TestRequestSender.WaitForRequestHandlerConnection: waiting for connection with timeout: 90000.
TpTrace Verbose: 0 : 29360, 5, 2024/09/04, 02:48:52.847, 8986264199481, vstest.console.dll, TestRequestSender.WaitForRequestHandlerConnection: waiting took 151 ms, with timeout 90000 ms, and result 0, which is success.
TpTrace Verbose: 0 : 29360, 12, 2024/09/04, 02:48:52.847, 8986264199481, vstest.console.dll, MulticastDelegateUtilities.SafeInvoke: SocketServer: ClientConnected: Invoking callback 1/1 for Microsoft.VisualStudio.TestPlatform.CommunicationUtilities.TestRequestSender., took 0 ms.
TpTrace Verbose: 0 : 29360, 12, 2024/09/04, 02:48:52.848, 8986264201815, vstest.console.dll, SocketServer.OnClientConnected: Client connected for endPoint: 127.0.0.1:50406, starting MessageLoopAsync:
TpTrace Verbose: 0 : 29360, 12, 2024/09/04, 02:48:52.848, 8986264205262, vstest.console.dll, TcpClientExtensions.MessageLoopAsync: Polling on remoteEndPoint: 127.0.0.1:50407 localEndPoint: 127.0.0.1:50406 after 0 ms
TpTrace Verbose: 0 : 29360, 5, 2024/09/04, 02:48:52.851, 8986264237521, vstest.console.dll, TestRequestSender.CheckVersionWithTestHost: Sending check version message: {"MessageType":"ProtocolVersion","Payload":7}
TpTrace Verbose: 0 : 29360, 12, 2024/09/04, 02:48:52.925, 8986264972599, vstest.console.dll, TcpClientExtensions.MessageLoopAsync: NotifyDataAvailable remoteEndPoint: 127.0.0.1:50407 localEndPoint: 127.0.0.1:50406
TpTrace Verbose: 0 : 29360, 12, 2024/09/04, 02:48:52.925, 8986264974724, vstest.console.dll, TestRequestSender.CheckVersionWithTestHost: onMessageReceived received message: (ProtocolVersion) -> {"MessageType":"ProtocolVersion","Payload":7}
TpTrace Verbose: 0 : 29360, 12, 2024/09/04, 02:48:52.925, 8986264979249, vstest.console.dll, MulticastDelegateUtilities.SafeInvoke: LengthPrefixCommunicationChannel: MessageReceived: Invoking callback 1/1 for Microsoft.VisualStudio.TestPlatform.CommunicationUtilities.TestRequestSender+<>c__DisplayClass29_0., took 0 ms.
TpTrace Verbose: 0 : 29360, 12, 2024/09/04, 02:48:52.925, 8986264979899, vstest.console.dll, TcpClientExtensions.MessageLoopAsync: Polling on remoteEndPoint: 127.0.0.1:50407 localEndPoint: 127.0.0.1:50406 after 77 ms
TpTrace Verbose: 0 : 29360, 5, 2024/09/04, 02:48:52.926, 8986264980959, vstest.console.dll, TestPluginCache.GetExtensionPaths: Filtered extension paths: 
TpTrace Verbose: 0 : 29360, 5, 2024/09/04, 02:48:52.926, 8986264981387, vstest.console.dll, TestPluginCache.GetExtensionPaths: Added default extension paths: C:\Program Files\dotnet\sdk\8.0.304\Extensions\Microsoft.Diagnostics.NETCore.Client.dll
C:\Program Files\dotnet\sdk\8.0.304\Extensions\Microsoft.TestPlatform.Extensions.BlameDataCollector.dll
C:\Program Files\dotnet\sdk\8.0.304\Extensions\Microsoft.TestPlatform.Extensions.EventLogCollector.dll
C:\Program Files\dotnet\sdk\8.0.304\Extensions\Microsoft.TestPlatform.TestHostRuntimeProvider.dll
C:\Program Files\dotnet\sdk\8.0.304\Extensions\Microsoft.VisualStudio.TestPlatform.Extensions.Html.TestLogger.dll
C:\Program Files\dotnet\sdk\8.0.304\Extensions\Microsoft.VisualStudio.TestPlatform.Extensions.Trx.TestLogger.dll
TpTrace Verbose: 0 : 29360, 5, 2024/09/04, 02:48:52.926, 8986264981591, vstest.console.dll, TestPluginCache.GetExtensionPaths: Added unfilterableExtensionPaths: 
TpTrace Verbose: 0 : 29360, 5, 2024/09/04, 02:48:52.928, 8986265000827, vstest.console.dll, TestRequestSender.InitializeExecution: Sending initialize execution with message: {"Version":7,"MessageType":"TestExecution.Initialize","Payload":["C:\\Users\\Ritik.Anubhav\\source\\repos\\PearsonCoreEngineModule\\Pearson.UnitTest\\bin\\Debug\\net8.0\\fine-code-coverage\\build-output\\NUnit3.TestAdapter.dll"]}
TpTrace Verbose: 0 : 29360, 5, 2024/09/04, 02:48:52.928, 8986265002638, vstest.console.dll, ParallelProxyExecutionManager.StartTestRunOnConcurrentManager: Execution starting. Started clients: 1
TpTrace Verbose: 0 : 29360, 5, 2024/09/04, 02:48:52.928, 8986265004390, vstest.console.dll, TestRunRequest:SendTestRunMessage: Starting.
TpTrace Verbose: 0 : 29360, 5, 2024/09/04, 02:48:52.928, 8986265005511, vstest.console.dll, MulticastDelegateUtilities.SafeInvoke: TestRun.LogMessages: Invoking callback 1/1 for Microsoft.VisualStudio.TestPlatform.CommandLine.TestRunResultAggregator., took 0 ms.
TpTrace Information: 0 : 29360, 5, 2024/09/04, 02:48:52.928, 8986265005755, vstest.console.dll, TestRunRequest:SendTestRunMessage: Completed.
TpTrace Verbose: 0 : 29360, 4, 2024/09/04, 02:48:52.928, 8986265007989, vstest.console.dll, MulticastDelegateUtilities.SafeInvoke: InternalTestLoggerEvents.SendTestRunMessage: Invoking callback 1/1 for Microsoft.VisualStudio.TestPlatform.CommandLine.Internal.ConsoleLogger., took 0 ms.
TpTrace Warning: 0 : 29360, 5, 2024/09/04, 02:48:52.928, 8986265008356, vstest.console.dll, InferRunSettingsHelper.MakeRunsettingsCompatible: Removing the following settings: TargetPlatform from RunSettings file. To use those settings please move to latest version of Microsoft.NET.Test.Sdk
TpTrace Verbose: 0 : 29360, 12, 2024/09/04, 02:48:52.929, 8986265013448, vstest.console.dll, TcpClientExtensions.MessageLoopAsync: NotifyDataAvailable remoteEndPoint: 127.0.0.1:50407 localEndPoint: 127.0.0.1:50406
TpTrace Verbose: 0 : 29360, 12, 2024/09/04, 02:48:52.929, 8986265016249, vstest.console.dll, TestRequestSender.OnExecutionMessageReceived: Received message: {"Version":7,"MessageType":"TestSession.Message","Payload":{"MessageLevel":0,"Message":"Logging TestHost Diagnostics in file: C:\\Users\\Ritik.Anubhav\\source\\repos\\PearsonCoreEngineModule\\Pearson.UnitTest\\bin\\Debug\\net8.0\\fine-code-coverage\\coverage-tool-output\\diagnostics.host.24-09-04_02-48-52_68513_5.log"}}
TpTrace Verbose: 0 : 29360, 12, 2024/09/04, 02:48:52.931, 8986265035056, vstest.console.dll, TestRunRequest:SendTestRunMessage: Starting.
TpTrace Verbose: 0 : 29360, 12, 2024/09/04, 02:48:52.931, 8986265036161, vstest.console.dll, MulticastDelegateUtilities.SafeInvoke: TestRun.LogMessages: Invoking callback 1/1 for Microsoft.VisualStudio.TestPlatform.CommandLine.TestRunResultAggregator., took 0 ms.
TpTrace Information: 0 : 29360, 12, 2024/09/04, 02:48:52.931, 8986265036511, vstest.console.dll, TestRunRequest:SendTestRunMessage: Completed.
TpTrace Verbose: 0 : 29360, 12, 2024/09/04, 02:48:52.931, 8986265036719, vstest.console.dll, MulticastDelegateUtilities.SafeInvoke: LengthPrefixCommunicationChannel: MessageReceived: Invoking callback 1/1 for Microsoft.VisualStudio.TestPlatform.CommunicationUtilities.TestRequestSender+<>c__DisplayClass34_0., took 2 ms.
TpTrace Verbose: 0 : 29360, 12, 2024/09/04, 02:48:52.931, 8986265036942, vstest.console.dll, TcpClientExtensions.MessageLoopAsync: Polling on remoteEndPoint: 127.0.0.1:50407 localEndPoint: 127.0.0.1:50406 after 5 ms
TpTrace Verbose: 0 : 29360, 4, 2024/09/04, 02:48:52.931, 8986265037220, vstest.console.dll, MulticastDelegateUtilities.SafeInvoke: InternalTestLoggerEvents.SendTestRunMessage: Invoking callback 1/1 for Microsoft.VisualStudio.TestPlatform.CommandLine.Internal.ConsoleLogger., took 0 ms.
TpTrace Verbose: 0 : 29360, 5, 2024/09/04, 02:48:52.932, 8986265047016, vstest.console.dll, TestRequestSender.StartTestRun: Sending test run with message: {"Version":7,"MessageType":"TestExecution.StartWithSources","Payload":{"AdapterSourceMap":{"_none_":["C:\\Users\\Ritik.Anubhav\\source\\repos\\PearsonCoreEngineModule\\Pearson.UnitTest\\bin\\Debug\\net8.0\\fine-code-coverage\\build-output\\Pearson.UnitTest.dll"]},"RunSettings":"<RunSettings>\r\n  <RunConfiguration>\r\n    <ResultsDirectory>C:\\Users\\Ritik.Anubhav\\source\\repos\\PearsonCoreEngineModule\\Pearson.UnitTest\\bin\\Debug\\net8.0\\fine-code-coverage\\coverage-tool-output</ResultsDirectory>\r\n    <TargetFrameworkVersion>.NETCoreApp,Version=v8.0</TargetFrameworkVersion>\r\n    <DesignMode>False</DesignMode>\r\n    <CollectSourceInformation>False</CollectSourceInformation>\r\n  </RunConfiguration>\r\n  <LoggerRunSettings>\r\n    <Loggers>\r\n      <Logger friendlyName=\"blame\" enabled=\"True\" />\r\n      <Logger friendlyName=\"Console\" uri=\"logger://microsoft/TestPlatform/ConsoleLogger/v1\" assemblyQualifiedName=\"Microsoft.VisualStudio.TestPlatform.CommandLine.Internal.ConsoleLogger, vstest.console, Version=15.0.0.0, Culture=neutral, PublicKeyToken=b03f5f7f11d50a3a\" codeBase=\"C:\\Program Files\\dotnet\\sdk\\8.0.304\\vstest.console.dll\" enabled=\"True\" />\r\n    </Loggers>\r\n  </LoggerRunSettings>\r\n  <DataCollectionRunSettings>\r\n    <DataCollectors>\r\n      <DataCollector friendlyName=\"blame\" enabled=\"True\">\r\n        <Configuration>\r\n          <ResultsDirectory>C:\\Users\\Ritik.Anubhav\\source\\repos\\PearsonCoreEngineModule\\Pearson.UnitTest\\bin\\Debug\\net8.0\\fine-code-coverage\\coverage-tool-output</ResultsDirectory>\r\n        </Configuration>\r\n      </DataCollector>\r\n    </DataCollectors>\r\n  </DataCollectionRunSettings>\r\n</RunSettings>","TestExecutionContext":{"FrequencyOfRunStatsChangeEvent":10,"RunStatsChangeEventTimeout":"00:00:01.5000000","InIsolation":false,"KeepAlive":false,"AreTestCaseLevelEventsRequired":false,"IsDebug":false,"TestCaseFilter":null,"FilterOptions":null},"Package":null}}
TpTrace Verbose: 0 : 29360, 5, 2024/09/04, 02:48:52.932, 8986265048342, vstest.console.dll, ParallelProxyExecutionManager.StartTestRunOnConcurrentManager: Execution started. Started clients: 1
TpTrace Verbose: 0 : 29360, 12, 2024/09/04, 02:48:53.032, 8986266040239, vstest.console.dll, TcpClientExtensions.MessageLoopAsync: NotifyDataAvailable remoteEndPoint: 127.0.0.1:50407 localEndPoint: 127.0.0.1:50406
TpTrace Verbose: 0 : 29360, 12, 2024/09/04, 02:48:53.032, 8986266041479, vstest.console.dll, TestRequestSender.OnExecutionMessageReceived: Received message: {"Version":7,"MessageType":"TestSession.Message","Payload":{"MessageLevel":0,"Message":"NUnit Adapter 4.5.0.0: Test execution started"}}
TpTrace Verbose: 0 : 29360, 12, 2024/09/04, 02:48:53.032, 8986266042883, vstest.console.dll, TestRunRequest:SendTestRunMessage: Starting.
TpTrace Verbose: 0 : 29360, 12, 2024/09/04, 02:48:53.032, 8986266043271, vstest.console.dll, MulticastDelegateUtilities.SafeInvoke: TestRun.LogMessages: Invoking callback 1/1 for Microsoft.VisualStudio.TestPlatform.CommandLine.TestRunResultAggregator., took 0 ms.
TpTrace Information: 0 : 29360, 12, 2024/09/04, 02:48:53.032, 8986266043448, vstest.console.dll, TestRunRequest:SendTestRunMessage: Completed.
TpTrace Verbose: 0 : 29360, 12, 2024/09/04, 02:48:53.032, 8986266043612, vstest.console.dll, MulticastDelegateUtilities.SafeInvoke: LengthPrefixCommunicationChannel: MessageReceived: Invoking callback 1/1 for Microsoft.VisualStudio.TestPlatform.CommunicationUtilities.TestRequestSender+<>c__DisplayClass34_0., took 0 ms.
TpTrace Verbose: 0 : 29360, 12, 2024/09/04, 02:48:53.032, 8986266043818, vstest.console.dll, TcpClientExtensions.MessageLoopAsync: Polling on remoteEndPoint: 127.0.0.1:50407 localEndPoint: 127.0.0.1:50406 after 100 ms
TpTrace Verbose: 0 : 29360, 4, 2024/09/04, 02:48:53.032, 8986266044424, vstest.console.dll, MulticastDelegateUtilities.SafeInvoke: InternalTestLoggerEvents.SendTestRunMessage: Invoking callback 1/1 for Microsoft.VisualStudio.TestPlatform.CommandLine.Internal.ConsoleLogger., took 0 ms.
TpTrace Verbose: 0 : 29360, 12, 2024/09/04, 02:48:53.048, 8986266202673, vstest.console.dll, TcpClientExtensions.MessageLoopAsync: NotifyDataAvailable remoteEndPoint: 127.0.0.1:50407 localEndPoint: 127.0.0.1:50406
TpTrace Verbose: 0 : 29360, 12, 2024/09/04, 02:48:53.048, 8986266204170, vstest.console.dll, TestRequestSender.OnExecutionMessageReceived: Received message: {"Version":7,"MessageType":"TestSession.Message","Payload":{"MessageLevel":0,"Message":"Running all tests in C:\\Users\\Ritik.Anubhav\\source\\repos\\PearsonCoreEngineModule\\Pearson.UnitTest\\bin\\Debug\\net8.0\\fine-code-coverage\\build-output\\Pearson.UnitTest.dll"}}
TpTrace Verbose: 0 : 29360, 12, 2024/09/04, 02:48:53.048, 8986266205137, vstest.console.dll, TestRunRequest:SendTestRunMessage: Starting.
TpTrace Verbose: 0 : 29360, 12, 2024/09/04, 02:48:53.048, 8986266205602, vstest.console.dll, MulticastDelegateUtilities.SafeInvoke: TestRun.LogMessages: Invoking callback 1/1 for Microsoft.VisualStudio.TestPlatform.CommandLine.TestRunResultAggregator., took 0 ms.
TpTrace Information: 0 : 29360, 12, 2024/09/04, 02:48:53.048, 8986266205952, vstest.console.dll, TestRunRequest:SendTestRunMessage: Completed.
TpTrace Verbose: 0 : 29360, 12, 2024/09/04, 02:48:53.048, 8986266206196, vstest.console.dll, MulticastDelegateUtilities.SafeInvoke: LengthPrefixCommunicationChannel: MessageReceived: Invoking callback 1/1 for Microsoft.VisualStudio.TestPlatform.CommunicationUtilities.TestRequestSender+<>c__DisplayClass34_0., took 0 ms.
TpTrace Verbose: 0 : 29360, 12, 2024/09/04, 02:48:53.048, 8986266206496, vstest.console.dll, TcpClientExtensions.MessageLoopAsync: Polling on remoteEndPoint: 127.0.0.1:50407 localEndPoint: 127.0.0.1:50406 after 16 ms
TpTrace Verbose: 0 : 29360, 4, 2024/09/04, 02:48:53.048, 8986266207012, vstest.console.dll, MulticastDelegateUtilities.SafeInvoke: InternalTestLoggerEvents.SendTestRunMessage: Invoking callback 1/1 for Microsoft.VisualStudio.TestPlatform.CommandLine.Internal.ConsoleLogger., took 0 ms.
TpTrace Verbose: 0 : 29360, 12, 2024/09/04, 02:48:53.117, 8986266896679, vstest.console.dll, TcpClientExtensions.MessageLoopAsync: NotifyDataAvailable remoteEndPoint: 127.0.0.1:50407 localEndPoint: 127.0.0.1:50406
TpTrace Verbose: 0 : 29360, 12, 2024/09/04, 02:48:53.117, 8986266898598, vstest.console.dll, TestRequestSender.OnExecutionMessageReceived: Received message: {"Version":7,"MessageType":"TestSession.Message","Payload":{"MessageLevel":0,"Message":"   NUnit3TestExecutor discovered 7 of 7 NUnit test cases using Current Discovery mode, Non-Explicit run"}}
TpTrace Verbose: 0 : 29360, 12, 2024/09/04, 02:48:53.117, 8986266899850, vstest.console.dll, TestRunRequest:SendTestRunMessage: Starting.
TpTrace Verbose: 0 : 29360, 12, 2024/09/04, 02:48:53.118, 8986266900358, vstest.console.dll, MulticastDelegateUtilities.SafeInvoke: TestRun.LogMessages: Invoking callback 1/1 for Microsoft.VisualStudio.TestPlatform.CommandLine.TestRunResultAggregator., took 0 ms.
TpTrace Information: 0 : 29360, 12, 2024/09/04, 02:48:53.118, 8986266900573, vstest.console.dll, TestRunRequest:SendTestRunMessage: Completed.
TpTrace Verbose: 0 : 29360, 12, 2024/09/04, 02:48:53.118, 8986266900813, vstest.console.dll, MulticastDelegateUtilities.SafeInvoke: LengthPrefixCommunicationChannel: MessageReceived: Invoking callback 1/1 for Microsoft.VisualStudio.TestPlatform.CommunicationUtilities.TestRequestSender+<>c__DisplayClass34_0., took 0 ms.
TpTrace Verbose: 0 : 29360, 4, 2024/09/04, 02:48:53.118, 8986266900832, vstest.console.dll, MulticastDelegateUtilities.SafeInvoke: InternalTestLoggerEvents.SendTestRunMessage: Invoking callback 1/1 for Microsoft.VisualStudio.TestPlatform.CommandLine.Internal.ConsoleLogger., took 0 ms.
TpTrace Verbose: 0 : 29360, 12, 2024/09/04, 02:48:53.118, 8986266901080, vstest.console.dll, TcpClientExtensions.MessageLoopAsync: Polling on remoteEndPoint: 127.0.0.1:50407 localEndPoint: 127.0.0.1:50406 after 69 ms
TpTrace Verbose: 0 : 29360, 12, 2024/09/04, 02:48:53.272, 8986268446507, vstest.console.dll, TcpClientExtensions.MessageLoopAsync: NotifyDataAvailable remoteEndPoint: 127.0.0.1:50407 localEndPoint: 127.0.0.1:50406
TpTrace Verbose: 0 : 29360, 12, 2024/09/04, 02:48:53.272, 8986268448197, vstest.console.dll, TestRequestSender.OnExecutionMessageReceived: Received message: {"Version":7,"MessageType":"TestSession.Message","Payload":{"MessageLevel":0,"Message":"NUnit Adapter 4.5.0.0: Test execution complete"}}
TpTrace Verbose: 0 : 29360, 12, 2024/09/04, 02:48:53.272, 8986268449168, vstest.console.dll, TestRunRequest:SendTestRunMessage: Starting.
TpTrace Verbose: 0 : 29360, 12, 2024/09/04, 02:48:53.272, 8986268449597, vstest.console.dll, MulticastDelegateUtilities.SafeInvoke: TestRun.LogMessages: Invoking callback 1/1 for Microsoft.VisualStudio.TestPlatform.CommandLine.TestRunResultAggregator., took 0 ms.
TpTrace Information: 0 : 29360, 12, 2024/09/04, 02:48:53.272, 8986268449811, vstest.console.dll, TestRunRequest:SendTestRunMessage: Completed.
TpTrace Verbose: 0 : 29360, 12, 2024/09/04, 02:48:53.272, 8986268450064, vstest.console.dll, MulticastDelegateUtilities.SafeInvoke: LengthPrefixCommunicationChannel: MessageReceived: Invoking callback 1/1 for Microsoft.VisualStudio.TestPlatform.CommunicationUtilities.TestRequestSender+<>c__DisplayClass34_0., took 0 ms.
TpTrace Verbose: 0 : 29360, 12, 2024/09/04, 02:48:53.273, 8986268450281, vstest.console.dll, TcpClientExtensions.MessageLoopAsync: Polling on remoteEndPoint: 127.0.0.1:50407 localEndPoint: 127.0.0.1:50406 after 154 ms
TpTrace Verbose: 0 : 29360, 4, 2024/09/04, 02:48:53.273, 8986268450810, vstest.console.dll, MulticastDelegateUtilities.SafeInvoke: InternalTestLoggerEvents.SendTestRunMessage: Invoking callback 1/1 for Microsoft.VisualStudio.TestPlatform.CommandLine.Internal.ConsoleLogger., took 0 ms.
TpTrace Verbose: 0 : 29360, 12, 2024/09/04, 02:48:53.301, 8986268732822, vstest.console.dll, TcpClientExtensions.MessageLoopAsync: NotifyDataAvailable remoteEndPoint: 127.0.0.1:50407 localEndPoint: 127.0.0.1:50406
TpTrace Verbose: 0 : 29360, 12, 2024/09/04, 02:48:53.301, 8986268735321, vstest.console.dll, TestRequestSender.OnExecutionMessageReceived: Received message: {"Version":7,"MessageType":"TestExecution.Completed","Payload":{"TestRunCompleteArgs":{"TestRunStatistics":{"ExecutedTests":7,"Stats":{"Passed":7}},"IsCanceled":false,"IsAborted":false,"Error":null,"AttachmentSets":[],"InvokedDataCollectors":[],"ElapsedTimeInRunningTests":"00:00:00.2592959","Metrics":{},"DiscoveredExtensions":{"TestDiscoverers":["NUnit.VisualStudio.TestAdapter.NUnit3TestDiscoverer, NUnit3.TestAdapter, Version=4.5.0.0, Culture=neutral, PublicKeyToken=4cb40d35494691ac"],"TestExecutors":["executor://NUnit3TestExecutor"],"TestExecutors2":[],"TestSettingsProviders":[]}},"LastRunTests":{"NewTestResults":[{"TestCase":{"Id":"d2a3876d-950d-631d-9005-e6788f30b047","FullyQualifiedName":"PearsonCoreEngine.UnitTest.Tests.CalculatePearsonCoefficient_IfAllNonZeroElementsforEqualSizedArray_ShouldGiveExpectedtValue","DisplayName":"CalculatePearsonCoefficient_IfAllNonZeroElementsforEqualSizedArray_ShouldGiveExpectedtValue","ExecutorUri":"executor://NUnit3TestExecutor","Source":"C:\\Users\\Ritik.Anubhav\\source\\repos\\PearsonCoreEngineModule\\Pearson.UnitTest\\bin\\Debug\\net8.0\\fine-code-coverage\\build-output\\Pearson.UnitTest.dll","CodeFilePath":null,"LineNumber":0,"Properties":[{"Key":{"Id":"NUnit.Seed","Label":"Seed","Category":"","Description":"","Attributes":0,"ValueType":"System.String"},"Value":"1481211569"}]},"Attachments":[],"Outcome":1,"ErrorMessage":null,"ErrorStackTrace":null,"DisplayName":"CalculatePearsonCoefficient_IfAllNonZeroElementsforEqualSizedArray_ShouldGiveExpectedtValue","Messages":[],"ComputerName":"C-AP-PG03MXS3","Duration":"00:00:00.0739100","StartTime":"2024-09-03T21:18:53.1358516+00:00","EndTime":"2024-09-03T21:18:53.2096775+00:00","Properties":[{"Key":{"Id":"NUnit.Seed","Label":"Seed","Category":"","Description":"","Attributes":0,"ValueType":"System.String"},"Value":"1481211569"}]},{"TestCase":{"Id":"7934e807-59dd-e3b3-fa3c-71a5548fd956","FullyQualifiedName":"PearsonCoreEngine.UnitTest.Tests.CalculatePearsonCoefficient_IfArray1IsLargerThanArray2_ShouldGiveExpectedtValue","DisplayName":"CalculatePearsonCoefficient_IfArray1IsLargerThanArray2_ShouldGiveExpectedtValue","ExecutorUri":"executor://NUnit3TestExecutor","Source":"C:\\Users\\Ritik.Anubhav\\source\\repos\\PearsonCoreEngineModule\\Pearson.UnitTest\\bin\\Debug\\net8.0\\fine-code-coverage\\build-output\\Pearson.UnitTest.dll","CodeFilePath":null,"LineNumber":0,"Properties":[{"Key":{"Id":"NUnit.Seed","Label":"Seed","Category":"","Description":"","Attributes":0,"ValueType":"System.String"},"Value":"93690223"}]},"Attachments":[],"Outcome":1,"ErrorMessage":null,"ErrorStackTrace":null,"DisplayName":"CalculatePearsonCoefficient_IfArray1IsLargerThanArray2_ShouldGiveExpectedtValue","Messages":[],"ComputerName":"C-AP-PG03MXS3","Duration":"00:00:00.0004130","StartTime":"2024-09-03T21:18:53.2107983+00:00","EndTime":"2024-09-03T21:18:53.2112108+00:00","Properties":[{"Key":{"Id":"NUnit.Seed","Label":"Seed","Category":"","Description":"","Attributes":0,"ValueType":"System.String"},"Value":"93690223"}]},{"TestCase":{"Id":"7550fa88-1044-54be-dfda-a17ac16ecbf8","FullyQualifiedName":"PearsonCoreEngine.UnitTest.Tests.CalculatePearsonCoefficient_IfArray1IsSmallerThanArray2_ShouldGiveExpectedtValue","DisplayName":"CalculatePearsonCoefficient_IfArray1IsSmallerThanArray2_ShouldGiveExpectedtValue","ExecutorUri":"executor://NUnit3TestExecutor","Source":"C:\\Users\\Ritik.Anubhav\\source\\repos\\PearsonCoreEngineModule\\Pearson.UnitTest\\bin\\Debug\\net8.0\\fine-code-coverage\\build-output\\Pearson.UnitTest.dll","CodeFilePath":null,"LineNumber":0,"Properties":[{"Key":{"Id":"NUnit.Seed","Label":"Seed","Category":"","Description":"","Attributes":0,"ValueType":"System.String"},"Value":"1664261718"}]},"Attachments":[],"Outcome":1,"ErrorMessage":null,"ErrorStackTrace":null,"DisplayName":"CalculatePearsonCoefficient_IfArray1IsSmallerThanArray2_ShouldGiveExpectedtValue","Messages":[],"ComputerName":"C-AP-PG03MXS3","Duration":"00:00:00.0001320","StartTime":"2024-09-03T21:18:53.211238+00:00","EndTime":"2024-09-03T21:18:53.2113701+00:00","Properties":[{"Key":{"Id":"NUnit.Seed","Label":"Seed","Category":"","Description":"","Attributes":0,"ValueType":"System.String"},"Value":"1664261718"}]},{"TestCase":{"Id":"33b1b224-b04a-0937-561c-56aabd0ad07e","FullyQualifiedName":"PearsonCoreEngine.UnitTest.Tests.CalculatePearsonCoefficient_IfArrayContainsZeroAsElements_ShouldGiveExpectedtValue","DisplayName":"CalculatePearsonCoefficient_IfArrayContainsZeroAsElements_ShouldGiveExpectedtValue","ExecutorUri":"executor://NUnit3TestExecutor","Source":"C:\\Users\\Ritik.Anubhav\\source\\repos\\PearsonCoreEngineModule\\Pearson.UnitTest\\bin\\Debug\\net8.0\\fine-code-coverage\\build-output\\Pearson.UnitTest.dll","CodeFilePath":null,"LineNumber":0,"Properties":[{"Key":{"Id":"NUnit.Seed","Label":"Seed","Category":"","Description":"","Attributes":0,"ValueType":"System.String"},"Value":"2032544185"}]},"Attachments":[],"Outcome":1,"ErrorMessage":null,"ErrorStackTrace":null,"DisplayName":"CalculatePearsonCoefficient_IfArrayContainsZeroAsElements_ShouldGiveExpectedtValue","Messages":[],"ComputerName":"C-AP-PG03MXS3","Duration":"00:00:00.0001160","StartTime":"2024-09-03T21:18:53.2113771+00:00","EndTime":"2024-09-03T21:18:53.2114932+00:00","Properties":[{"Key":{"Id":"NUnit.Seed","Label":"Seed","Category":"","Description":"","Attributes":0,"ValueType":"System.String"},"Value":"2032544185"}]},{"TestCase":{"Id":"af9bd44a-b568-ddca-0a0e-f48c613942db","FullyQualifiedName":"PearsonCoreEngine.UnitTest.Tests.CalculatePearsonCoefficient_IfCompletelyDifferentArray_ShouldReturnNegativeOne","DisplayName":"CalculatePearsonCoefficient_IfCompletelyDifferentArray_ShouldReturnNegativeOne","ExecutorUri":"executor://NUnit3TestExecutor","Source":"C:\\Users\\Ritik.Anubhav\\source\\repos\\PearsonCoreEngineModule\\Pearson.UnitTest\\bin\\Debug\\net8.0\\fine-code-coverage\\build-output\\Pearson.UnitTest.dll","CodeFilePath":null,"LineNumber":0,"Properties":[{"Key":{"Id":"NUnit.Seed","Label":"Seed","Category":"","Description":"","Attributes":0,"ValueType":"System.String"},"Value":"184484772"}]},"Attachments":[],"Outcome":1,"ErrorMessage":null,"ErrorStackTrace":null,"DisplayName":"CalculatePearsonCoefficient_IfCompletelyDifferentArray_ShouldReturnNegativeOne","Messages":[],"ComputerName":"C-AP-PG03MXS3","Duration":"00:00:00.0001000","StartTime":"2024-09-03T21:18:53.211499+00:00","EndTime":"2024-09-03T21:18:53.2115994+00:00","Properties":[{"Key":{"Id":"NUnit.Seed","Label":"Seed","Category":"","Description":"","Attributes":0,"ValueType":"System.String"},"Value":"184484772"}]},{"TestCase":{"Id":"0326a93b-3487-4f0a-b56f-f799ab9312ac","FullyQualifiedName":"PearsonCoreEngine.UnitTest.Tests.CalculatePearsonCoefficient_IfExactSameArray_ShouldReturnOne","DisplayName":"CalculatePearsonCoefficient_IfExactSameArray_ShouldReturnOne","ExecutorUri":"executor://NUnit3TestExecutor","Source":"C:\\Users\\Ritik.Anubhav\\source\\repos\\PearsonCoreEngineModule\\Pearson.UnitTest\\bin\\Debug\\net8.0\\fine-code-coverage\\build-output\\Pearson.UnitTest.dll","CodeFilePath":null,"LineNumber":0,"Properties":[{"Key":{"Id":"NUnit.Seed","Label":"Seed","Category":"","Description":"","Attributes":0,"ValueType":"System.String"},"Value":"206884165"}]},"Attachments":[],"Outcome":1,"ErrorMessage":null,"ErrorStackTrace":null,"DisplayName":"CalculatePearsonCoefficient_IfExactSameArray_ShouldReturnOne","Messages":[],"ComputerName":"C-AP-PG03MXS3","Duration":"00:00:00.0001060","StartTime":"2024-09-03T21:18:53.211605+00:00","EndTime":"2024-09-03T21:18:53.2117107+00:00","Properties":[{"Key":{"Id":"NUnit.Seed","Label":"Seed","Category":"","Description":"","Attributes":0,"ValueType":"System.String"},"Value":"206884165"}]},{"TestCase":{"Id":"04ca3790-4da9-183a-8825-f5df4537407b","FullyQualifiedName":"PearsonCoreEngine.UnitTest.Tests.CalculatePearsonCoefficient_NoCorelation_ShouldReturnZero","DisplayName":"CalculatePearsonCoefficient_NoCorelation_ShouldReturnZero","ExecutorUri":"executor://NUnit3TestExecutor","Source":"C:\\Users\\Ritik.Anubhav\\source\\repos\\PearsonCoreEngineModule\\Pearson.UnitTest\\bin\\Debug\\net8.0\\fine-code-coverage\\build-output\\Pearson.UnitTest.dll","CodeFilePath":null,"LineNumber":0,"Properties":[{"Key":{"Id":"NUnit.Seed","Label":"Seed","Category":"","Description":"","Attributes":0,"ValueType":"System.String"},"Value":"269326587"}]},"Attachments":[],"Outcome":1,"ErrorMessage":null,"ErrorStackTrace":null,"DisplayName":"CalculatePearsonCoefficient_NoCorelation_ShouldReturnZero","Messages":[],"ComputerName":"C-AP-PG03MXS3","Duration":"00:00:00.0000989","StartTime":"2024-09-03T21:18:53.2117165+00:00","EndTime":"2024-09-03T21:18:53.2118149+00:00","Properties":[{"Key":{"Id":"NUnit.Seed","Label":"Seed","Category":"","Description":"","Attributes":0,"ValueType":"System.String"},"Value":"269326587"}]}],"TestRunStatistics":{"ExecutedTests":7,"Stats":{"Passed":7}},"ActiveTests":[]},"RunAttachments":[],"ExecutorUris":["executor://nunit3testexecutor/"]}}
TpTrace Verbose: 0 : 29360, 12, 2024/09/04, 02:48:53.301, 8986268736354, vstest.console.dll, TestRequestSender.EndSession: Sending end session.
TpTrace Verbose: 0 : 29360, 12, 2024/09/04, 02:48:53.301, 8986268737744, vstest.console.dll, ProxyOperationManager.Close: waiting for test host to exit for 100 ms
TpTrace Verbose: 0 : 29360, 7, 2024/09/04, 02:48:53.323, 8986268951748, vstest.console.dll, TestHostManagerCallbacks.ctor: Experimental forwarding output is disabled.
TpTrace Warning: 0 : 29360, 7, 2024/09/04, 02:48:53.323, 8986268953565, vstest.console.dll, TestHostManagerCallbacks.ErrorReceivedCallback Test host standard error line: 
TpTrace Verbose: 0 : 29360, 7, 2024/09/04, 02:48:53.331, 8986269033512, vstest.console.dll, TestHostProvider.ExitCallBack: Host exited starting callback.
TpTrace Information: 0 : 29360, 7, 2024/09/04, 02:48:53.331, 8986269035956, vstest.console.dll, TestHostManagerCallbacks.ExitCallBack: Testhost processId: 6416 exited with exitcode: 0 error: ''
TpTrace Verbose: 0 : 29360, 7, 2024/09/04, 02:48:53.331, 8986269036570, vstest.console.dll, DotnetTestHostManager.OnHostExited: invoking OnHostExited callback
TpTrace Verbose: 0 : 29360, 7, 2024/09/04, 02:48:53.331, 8986269037124, vstest.console.dll, CrossPlatEngine.TestHostManagerHostExited: calling on client process exit callback.
TpTrace Information: 0 : 29360, 7, 2024/09/04, 02:48:53.331, 8986269037587, vstest.console.dll, TestRequestSender.OnClientProcessExit: Test host process exited. Standard error: 
TpTrace Information: 0 : 29360, 7, 2024/09/04, 02:48:53.331, 8986269037974, vstest.console.dll, SocketServer.Stop: Stop server endPoint: 127.0.0.1:50406
TpTrace Information: 0 : 29360, 7, 2024/09/04, 02:48:53.331, 8986269038222, vstest.console.dll, SocketServer.Stop: Cancellation requested. Stopping message loop.
TpTrace Information: 0 : 29360, 12, 2024/09/04, 02:48:53.331, 8986269038964, vstest.console.dll, SocketServer.Stop: Stop server endPoint: 127.0.0.1:50406
TpTrace Verbose: 0 : 29360, 7, 2024/09/04, 02:48:53.331, 8986269039367, vstest.console.dll, MulticastDelegateUtilities.SafeInvoke: HostProviderEvents.OnHostExited: Invoking callback 1/1 for Microsoft.VisualStudio.TestPlatform.CrossPlatEngine.Client.ProxyOperationManager., took 0 ms.
TpTrace Information: 0 : 29360, 12, 2024/09/04, 02:48:53.331, 8986269039944, vstest.console.dll, SocketServer.Stop: Cancellation requested. Stopping message loop.
TpTrace Information: 0 : 29360, 12, 2024/09/04, 02:48:53.332, 8986269040452, vstest.console.dll, Closing the connection
TpTrace Verbose: 0 : 29360, 12, 2024/09/04, 02:48:53.332, 8986269042187, vstest.console.dll, ProxyDataCollectionManager.InvokeDataCollectionServiceAction: Starting.
TpTrace Information: 0 : 29360, 12, 2024/09/04, 02:48:53.332, 8986269042488, vstest.console.dll, ProxyDataCollectionManager.AfterTestRunEnd: Get attachment set and invoked data collectors processId: 36592 port: 50400
TpTrace Verbose: 0 : 29360, 12, 2024/09/04, 02:48:53.332, 8986269042813, vstest.console.dll, DataCollectionRequestSender.SendAfterTestRunStartAndGetResult: Send AfterTestRunEnd message with isCancelled: False
TpTrace Verbose: 0 : 29360, 12, 2024/09/04, 02:48:53.340, 8986269120145, vstest.console.dll, DataCollectionRequestSender.SendAfterTestRunStartAndGetResult: Received message: (DataCollection.AfterTestRunEndResult) -> {"MessageType":"DataCollection.AfterTestRunEndResult","Payload":{"AttachmentSets":[],"InvokedDataCollectors":[{"Uri":"datacollector://Microsoft/TestPlatform/Extensions/Blame/v1","FriendlyName":"Blame","AssemblyQualifiedName":"Microsoft.TestPlatform.Extensions.BlameDataCollector.BlameCollector, Microsoft.TestPlatform.Extensions.BlameDataCollector, Version=15.0.0.0, Culture=neutral, PublicKeyToken=b03f5f7f11d50a3a","FilePath":"C:\\Program Files\\dotnet\\sdk\\8.0.304\\Extensions\\Microsoft.TestPlatform.Extensions.BlameDataCollector.dll","HasAttachmentProcessor":false}],"Metrics":{}}}
TpTrace Information: 0 : 29360, 12, 2024/09/04, 02:48:53.344, 8986269167945, vstest.console.dll, ProxyDataCollectionManager.InvokeDataCollectionServiceAction: Completed.
TpTrace Warning: 0 : 29360, 10, 2024/09/04, 02:48:53.345, 8986269177390, vstest.console.dll, DataCollectionLauncher.ErrorReceivedCallback datacollector standard error line: 
TpTrace Information: 0 : 29360, 10, 2024/09/04, 02:48:53.351, 8986269237930, vstest.console.dll, DataCollectionLauncher.ExitCallBack: Data collector exited with exitcode: 0 error: ''
TpTrace Verbose: 0 : 29360, 12, 2024/09/04, 02:48:53.382, 8986269548937, vstest.console.dll, TestRunRequest:SendTestRunStatsChange: Starting.
TpTrace Verbose: 0 : 29360, 12, 2024/09/04, 02:48:53.383, 8986269551120, vstest.console.dll, MulticastDelegateUtilities.SafeInvoke: TestRun.RunStatsChanged: Invoking callbacks was skipped because there are no subscribers.
TpTrace Information: 0 : 29360, 12, 2024/09/04, 02:48:53.383, 8986269551465, vstest.console.dll, TestRunRequest:SendTestRunStatsChange: Completed.
TpTrace Verbose: 0 : 29360, 12, 2024/09/04, 02:48:53.383, 8986269553344, vstest.console.dll, ParallelProxyExecutionManager: HandlePartialRunComplete: Total workloads = 1, Total started clients = 1 Total completed clients = 1, Run complete = True, Run canceled: False.
TpTrace Verbose: 0 : 29360, 12, 2024/09/04, 02:48:53.383, 8986269553652, vstest.console.dll, ParallelProxyExecutionManager: HandlePartialRunComplete: All runs completed stopping all managers.
TpTrace Verbose: 0 : 29360, 12, 2024/09/04, 02:48:53.383, 8986269553861, vstest.console.dll, ParallelOperationManager.StopAllManagers: Stopping all managers.
TpTrace Verbose: 0 : 29360, 12, 2024/09/04, 02:48:53.383, 8986269554035, vstest.console.dll, ParallelOperationManager.ClearSlots: Clearing all slots. Slots should accept more work: False
TpTrace Verbose: 0 : 29360, 12, 2024/09/04, 02:48:53.383, 8986269554251, vstest.console.dll, ParallelOperationManager.SetOccupiedSlotCount: Setting slot counts AvailableSlotCount = 1, OccupiedSlotCount = 0.
TpTrace Verbose: 0 : 29360, 12, 2024/09/04, 02:48:53.383, 8986269554450, vstest.console.dll, Occupied slots:

TpTrace Verbose: 0 : 29360, 4, 2024/09/04, 02:48:53.384, 8986269563126, vstest.console.dll, MulticastDelegateUtilities.SafeInvoke: InternalTestLoggerEvents.SendTestResult: Invoking callback 1/1 for Microsoft.VisualStudio.TestPlatform.CommandLine.Internal.ConsoleLogger., took 1 ms.
TpTrace Verbose: 0 : 29360, 4, 2024/09/04, 02:48:53.384, 8986269565817, vstest.console.dll, MulticastDelegateUtilities.SafeInvoke: InternalTestLoggerEvents.SendTestResult: Invoking callback 1/1 for Microsoft.VisualStudio.TestPlatform.CommandLine.Internal.ConsoleLogger., took 0 ms.
TpTrace Verbose: 0 : 29360, 4, 2024/09/04, 02:48:53.384, 8986269566510, vstest.console.dll, MulticastDelegateUtilities.SafeInvoke: InternalTestLoggerEvents.SendTestResult: Invoking callback 1/1 for Microsoft.VisualStudio.TestPlatform.CommandLine.Internal.ConsoleLogger., took 0 ms.
TpTrace Verbose: 0 : 29360, 4, 2024/09/04, 02:48:53.384, 8986269566801, vstest.console.dll, MulticastDelegateUtilities.SafeInvoke: InternalTestLoggerEvents.SendTestResult: Invoking callback 1/1 for Microsoft.VisualStudio.TestPlatform.CommandLine.Internal.ConsoleLogger., took 0 ms.
TpTrace Verbose: 0 : 29360, 4, 2024/09/04, 02:48:53.384, 8986269567176, vstest.console.dll, MulticastDelegateUtilities.SafeInvoke: InternalTestLoggerEvents.SendTestResult: Invoking callback 1/1 for Microsoft.VisualStudio.TestPlatform.CommandLine.Internal.ConsoleLogger., took 0 ms.
TpTrace Verbose: 0 : 29360, 4, 2024/09/04, 02:48:53.384, 8986269567458, vstest.console.dll, MulticastDelegateUtilities.SafeInvoke: InternalTestLoggerEvents.SendTestResult: Invoking callback 1/1 for Microsoft.VisualStudio.TestPlatform.CommandLine.Internal.ConsoleLogger., took 0 ms.
TpTrace Verbose: 0 : 29360, 4, 2024/09/04, 02:48:53.384, 8986269567694, vstest.console.dll, MulticastDelegateUtilities.SafeInvoke: InternalTestLoggerEvents.SendTestResult: Invoking callback 1/1 for Microsoft.VisualStudio.TestPlatform.CommandLine.Internal.ConsoleLogger., took 0 ms.
TpTrace Verbose: 0 : 29360, 4, 2024/09/04, 02:48:53.388, 8986269609643, vstest.console.dll, MulticastDelegateUtilities.SafeInvoke: InternalTestLoggerEvents.SendTestRunComplete: Invoking callback 1/2 for Microsoft.TestPlatform.Extensions.BlameDataCollector.BlameLogger., took 0 ms.
TpTrace Verbose: 0 : 29360, 4, 2024/09/04, 02:48:53.392, 8986269642504, vstest.console.dll, MulticastDelegateUtilities.SafeInvoke: InternalTestLoggerEvents.SendTestRunComplete: Invoking callback 2/2 for Microsoft.VisualStudio.TestPlatform.CommandLine.Internal.ConsoleLogger., took 3 ms.
TpTrace Verbose: 0 : 29360, 12, 2024/09/04, 02:48:53.392, 8986269645763, vstest.console.dll, TestRunRequest:TestRunComplete: Starting. IsAborted:False IsCanceled:False.
TpTrace Verbose: 0 : 29360, 12, 2024/09/04, 02:48:53.392, 8986269647218, vstest.console.dll, ParallelOperationManager.DoActionOnAllManagers: Calling an action on all managers.
TpTrace Verbose: 0 : 29360, 12, 2024/09/04, 02:48:53.393, 8986269652853, vstest.console.dll, TestLoggerManager.HandleTestRunComplete: Ignoring as the object is disposed.
TpTrace Verbose: 0 : 29360, 12, 2024/09/04, 02:48:53.393, 8986269654193, vstest.console.dll, MulticastDelegateUtilities.SafeInvoke: TestRun.TestRunComplete: Invoking callback 1/2 for Microsoft.VisualStudio.TestPlatform.CommandLine.TestRunResultAggregator., took 0 ms.
TpTrace Verbose: 0 : 29360, 12, 2024/09/04, 02:48:53.393, 8986269655003, vstest.console.dll, MulticastDelegateUtilities.SafeInvoke: TestRun.TestRunComplete: Invoking callback 2/2 for Microsoft.VisualStudio.TestPlatform.CommandLine.Processors.RunTestsArgumentExecutor+TestRunRequestEventsRegistrar., took 0 ms.
TpTrace Information: 0 : 29360, 12, 2024/09/04, 02:48:53.393, 8986269655592, vstest.console.dll, TestRunRequest:TestRunComplete: Completed.
TpTrace Verbose: 0 : 29360, 12, 2024/09/04, 02:48:53.393, 8986269655833, vstest.console.dll, TestRequestSender.SetOperationComplete: Setting operation complete.
TpTrace Information: 0 : 29360, 12, 2024/09/04, 02:48:53.393, 8986269655997, vstest.console.dll, SocketServer.Stop: Stop server endPoint: 127.0.0.1:50406
TpTrace Information: 0 : 29360, 12, 2024/09/04, 02:48:53.393, 8986269656171, vstest.console.dll, SocketServer.Stop: Cancellation requested. Stopping message loop.
TpTrace Verbose: 0 : 29360, 12, 2024/09/04, 02:48:53.393, 8986269656376, vstest.console.dll, MulticastDelegateUtilities.SafeInvoke: LengthPrefixCommunicationChannel: MessageReceived: Invoking callback 1/1 for Microsoft.VisualStudio.TestPlatform.CommunicationUtilities.TestRequestSender+<>c__DisplayClass34_0., took 92 ms.
TpTrace Information: 0 : 29360, 12, 2024/09/04, 02:48:53.393, 8986269656621, vstest.console.dll, SocketServer.PrivateStop: Stopping server endPoint: 127.0.0.1:50406 error: 
TpTrace Verbose: 0 : 29360, 1, 2024/09/04, 02:48:53.393, 8986269656851, vstest.console.dll, TestRunRequest.Dispose: Starting.
TpTrace Information: 0 : 29360, 1, 2024/09/04, 02:48:53.393, 8986269657531, vstest.console.dll, TestRunRequest.Dispose: Completed.
TpTrace Information: 0 : 29360, 1, 2024/09/04, 02:48:53.393, 8986269657804, vstest.console.dll, TestRequestManager.RunTests: run tests completed.
TpTrace Information: 0 : 29360, 1, 2024/09/04, 02:48:53.393, 8986269658266, vstest.console.dll, RunTestsArgumentProcessor:Execute: Test run is completed.
TpTrace Verbose: 0 : 29360, 1, 2024/09/04, 02:48:53.393, 8986269659726, vstest.console.dll, Executor.Execute: Exiting with exit code of 0
TpTrace Verbose: 0 : 29360, 12, 2024/09/04, 02:48:53.394, 8986269660312, vstest.console.dll, LengthPrefixCommunicationChannel.Dispose: Dispose reader and writer.
TpTrace Information: 0 : 29360, 12, 2024/09/04, 02:48:53.394, 8986269661025, vstest.console.dll, SocketServer.Stop: Raise disconnected event endPoint: 127.0.0.1:50406 error: 
TpTrace Verbose: 0 : 29360, 12, 2024/09/04, 02:48:53.394, 8986269661795, vstest.console.dll, TestRequestSender: OnTestRunAbort: Operation is already complete. Skip error message.
TpTrace Verbose: 0 : 29360, 12, 2024/09/04, 02:48:53.394, 8986269662125, vstest.console.dll, MulticastDelegateUtilities.SafeInvoke: SocketServer: ClientDisconnected: Invoking callback 1/1 for Microsoft.VisualStudio.TestPlatform.CommunicationUtilities.TestRequestSender., took 0 ms.
TpTrace Verbose: 0 : 29360, 12, 2024/09/04, 02:48:53.394, 8986269662398, vstest.console.dll, TcpClientExtensions.MessageLoopAsync: exiting MessageLoopAsync remoteEndPoint: 127.0.0.1:50407 localEndPoint: 127.0.0.1:50406
